{"C:\\dev\\node-cluster-service\\lib\\exit.js":{"path":"C:\\dev\\node-cluster-service\\lib\\exit.js","s":{"1":1,"2":1,"3":2,"4":1,"5":1,"6":1,"7":1,"8":1,"9":1,"10":1},"b":{"1":[1,1]},"f":{"1":2,"2":1},"fnMap":{"1":{"name":"(anonymous_1)","line":5,"loc":{"start":{"line":5,"column":17},"end":{"line":5,"column":40}}},"2":{"name":"(anonymous_2)","line":18,"loc":{"start":{"line":18,"column":22},"end":{"line":18,"column":35}}}},"statementMap":{"1":{"start":{"line":1,"column":0},"end":{"line":3,"column":0}},"2":{"start":{"line":5,"column":0},"end":{"line":16,"column":2}},"3":{"start":{"line":6,"column":1},"end":{"line":9,"column":2}},"4":{"start":{"line":7,"column":2},"end":{"line":7,"column":55}},"5":{"start":{"line":8,"column":2},"end":{"line":8,"column":9}},"6":{"start":{"line":11,"column":1},"end":{"line":11,"column":71}},"7":{"start":{"line":13,"column":1},"end":{"line":13,"column":17}},"8":{"start":{"line":15,"column":1},"end":{"line":15,"column":26}},"9":{"start":{"line":18,"column":0},"end":{"line":24,"column":2}},"10":{"start":{"line":19,"column":1},"end":{"line":23,"column":4}}},"branchMap":{"1":{"line":6,"type":"if","locations":[{"start":{"line":6,"column":1},"end":{"line":6,"column":1}},{"start":{"line":6,"column":1},"end":{"line":6,"column":1}}]}}},"C:\\dev\\node-cluster-service\\lib\\health.js":{"path":"C:\\dev\\node-cluster-service\\lib\\health.js","s":{"1":1,"2":1,"3":1,"4":1,"5":2},"b":{},"f":{"1":1,"2":2},"fnMap":{"1":{"name":"(anonymous_1)","line":5,"loc":{"start":{"line":5,"column":17},"end":{"line":5,"column":35}}},"2":{"name":"(anonymous_2)","line":9,"loc":{"start":{"line":9,"column":22},"end":{"line":9,"column":35}}}},"statementMap":{"1":{"start":{"line":1,"column":0},"end":{"line":3,"column":0}},"2":{"start":{"line":5,"column":0},"end":{"line":7,"column":2}},"3":{"start":{"line":6,"column":1},"end":{"line":6,"column":16}},"4":{"start":{"line":9,"column":0},"end":{"line":14,"column":2}},"5":{"start":{"line":10,"column":1},"end":{"line":13,"column":4}}},"branchMap":{}},"C:\\dev\\node-cluster-service\\lib\\help.js":{"path":"C:\\dev\\node-cluster-service\\lib\\help.js","s":{"1":1,"2":1,"3":2,"4":2,"5":2,"6":1,"7":1,"8":1,"9":0,"10":1,"11":1,"12":1,"13":1,"14":0,"15":1,"16":1,"17":1,"18":11,"19":11,"20":1,"21":1,"22":1},"b":{"1":[1,1],"2":[0,1],"3":[1,0]},"f":{"1":2,"2":1,"3":1},"fnMap":{"1":{"name":"(anonymous_1)","line":5,"loc":{"start":{"line":5,"column":17},"end":{"line":5,"column":44}}},"2":{"name":"(anonymous_2)","line":15,"loc":{"start":{"line":15,"column":16},"end":{"line":15,"column":38}}},"3":{"name":"(anonymous_3)","line":35,"loc":{"start":{"line":35,"column":22},"end":{"line":35,"column":35}}}},"statementMap":{"1":{"start":{"line":1,"column":0},"end":{"line":3,"column":0}},"2":{"start":{"line":5,"column":0},"end":{"line":33,"column":2}},"3":{"start":{"line":6,"column":1},"end":{"line":6,"column":33}},"4":{"start":{"line":7,"column":1},"end":{"line":7,"column":15}},"5":{"start":{"line":8,"column":1},"end":{"line":30,"column":2}},"6":{"start":{"line":9,"column":2},"end":{"line":9,"column":24}},"7":{"start":{"line":10,"column":2},"end":{"line":10,"column":35}},"8":{"start":{"line":11,"column":2},"end":{"line":22,"column":3}},"9":{"start":{"line":12,"column":3},"end":{"line":12,"column":33}},"10":{"start":{"line":14,"column":3},"end":{"line":21,"column":4}},"11":{"start":{"line":15,"column":4},"end":{"line":17,"column":7}},"12":{"start":{"line":16,"column":5},"end":{"line":16,"column":22}},"13":{"start":{"line":18,"column":4},"end":{"line":18,"column":11}},"14":{"start":{"line":20,"column":4},"end":{"line":20,"column":46}},"15":{"start":{"line":24,"column":2},"end":{"line":24,"column":69}},"16":{"start":{"line":25,"column":2},"end":{"line":25,"column":20}},"17":{"start":{"line":26,"column":2},"end":{"line":29,"column":3}},"18":{"start":{"line":27,"column":3},"end":{"line":27,"column":37}},"19":{"start":{"line":28,"column":3},"end":{"line":28,"column":31}},"20":{"start":{"line":32,"column":1},"end":{"line":32,"column":15}},"21":{"start":{"line":35,"column":0},"end":{"line":40,"column":2}},"22":{"start":{"line":36,"column":1},"end":{"line":39,"column":4}}},"branchMap":{"1":{"line":8,"type":"if","locations":[{"start":{"line":8,"column":1},"end":{"line":8,"column":1}},{"start":{"line":8,"column":1},"end":{"line":8,"column":1}}]},"2":{"line":11,"type":"if","locations":[{"start":{"line":11,"column":2},"end":{"line":11,"column":2}},{"start":{"line":11,"column":2},"end":{"line":11,"column":2}}]},"3":{"line":14,"type":"if","locations":[{"start":{"line":14,"column":3},"end":{"line":14,"column":3}},{"start":{"line":14,"column":3},"end":{"line":14,"column":3}}]}}},"C:\\dev\\node-cluster-service\\cluster-service.js":{"path":"C:\\dev\\node-cluster-service\\cluster-service.js","s":{"1":1,"2":1,"3":3,"4":3,"5":3,"6":3,"7":3,"8":3,"9":3,"10":0,"11":1,"12":4,"13":0,"14":4,"15":1,"16":1,"17":1,"18":0,"19":1,"20":3,"21":3,"22":0,"23":3,"24":1,"25":11,"26":0,"27":11,"28":11,"29":0,"30":11,"31":11,"32":1,"33":19,"34":0,"35":19,"36":19,"37":0,"38":19,"39":19,"40":19,"41":26,"42":19,"43":1,"44":0,"45":0,"46":0,"47":0,"48":0,"49":0,"50":0,"51":0,"52":0,"53":1,"54":27,"55":27,"56":27,"57":22,"58":22,"59":22,"60":27,"61":1,"62":0,"63":1,"64":6,"65":0,"66":0,"67":6,"68":6,"69":4,"70":6,"71":6,"72":6,"73":6,"74":1,"75":4,"76":4,"77":4,"78":4,"79":1,"80":0,"81":1,"82":1,"83":1,"84":1,"85":1,"86":1,"87":1,"88":1,"89":1,"90":1,"91":1,"92":1,"93":6,"94":1,"95":6,"96":1,"97":1,"98":1,"99":1,"100":0,"101":0,"102":1,"103":1,"104":1,"105":6,"106":1,"107":6,"108":6,"109":0,"110":0,"111":1,"112":0,"113":0,"114":1,"115":1,"116":1,"117":1,"118":1,"119":3,"120":0,"121":0,"122":0,"123":3,"124":1,"125":1,"126":3,"127":1,"128":6,"129":6,"130":0,"131":6,"132":6,"133":6,"134":6,"135":6,"136":6,"137":1,"138":0,"139":0,"140":0,"141":0,"142":0,"143":0,"144":0,"145":1,"146":0,"147":0,"148":1,"149":1,"150":1,"151":1,"152":1},"b":{"1":[3,0],"2":[3,0],"3":[3,3],"4":[0,4],"5":[1,3],"6":[0,1],"7":[1,1],"8":[0,3],"9":[3,3],"10":[0,11],"11":[11,11],"12":[0,11],"13":[11,0],"14":[0,19],"15":[0,19],"16":[19,0],"17":[0,0],"18":[0,0],"19":[0,0],"20":[0,6],"21":[6,0],"22":[4,2],"23":[6,2,2],"24":[6,3],"25":[6,0],"26":[4,0],"27":[4,0],"28":[1,3],"29":[0,1],"30":[6,6],"31":[6,6],"32":[0,1],"33":[0,6],"34":[6,0],"35":[0,1],"36":[0,3],"37":[1,2],"38":[3,3],"39":[3,3],"40":[0,6],"41":[6,6,6],"42":[6],"43":[6,0],"44":[6,5],"45":[0,0],"46":[0,0,0],"47":[0],"48":[0,0],"49":[0,0],"50":[1,0]},"f":{"1":3,"2":3,"3":4,"4":1,"5":11,"6":19,"7":0,"8":27,"9":0,"10":6,"11":4,"12":0,"13":6,"14":6,"15":1,"16":1,"17":6,"18":6,"19":0,"20":0,"21":6,"22":0,"23":0,"24":1,"25":1},"fnMap":{"1":{"name":"(anonymous_1)","line":31,"loc":{"start":{"line":31,"column":16},"end":{"line":31,"column":50}}},"2":{"name":"(anonymous_2)","line":36,"loc":{"start":{"line":36,"column":35},"end":{"line":36,"column":46}}},"3":{"name":"(anonymous_3)","line":49,"loc":{"start":{"line":49,"column":15},"end":{"line":49,"column":37}}},"4":{"name":"(anonymous_4)","line":55,"loc":{"start":{"line":55,"column":30},"end":{"line":55,"column":41}}},"5":{"name":"(anonymous_5)","line":73,"loc":{"start":{"line":73,"column":13},"end":{"line":73,"column":56}}},"6":{"name":"(anonymous_6)","line":94,"loc":{"start":{"line":94,"column":18},"end":{"line":94,"column":38}}},"7":{"name":"(anonymous_7)","line":115,"loc":{"start":{"line":115,"column":22},"end":{"line":115,"column":40}}},"8":{"name":"(anonymous_8)","line":137,"loc":{"start":{"line":137,"column":6},"end":{"line":137,"column":17}}},"9":{"name":"(anonymous_9)","line":151,"loc":{"start":{"line":151,"column":6},"end":{"line":151,"column":17}}},"10":{"name":"(anonymous_10)","line":156,"loc":{"start":{"line":156,"column":20},"end":{"line":156,"column":59}}},"11":{"name":"startMaster","line":174,"loc":{"start":{"line":174,"column":0},"end":{"line":174,"column":46}}},"12":{"name":"(anonymous_12)","line":187,"loc":{"start":{"line":187,"column":13},"end":{"line":187,"column":27}}},"13":{"name":"(anonymous_13)","line":204,"loc":{"start":{"line":204,"column":28},"end":{"line":204,"column":55}}},"14":{"name":"(anonymous_14)","line":207,"loc":{"start":{"line":207,"column":27},"end":{"line":207,"column":54}}},"15":{"name":"(anonymous_15)","line":212,"loc":{"start":{"line":212,"column":28},"end":{"line":212,"column":39}}},"16":{"name":"(anonymous_16)","line":216,"loc":{"start":{"line":216,"column":25},"end":{"line":216,"column":39}}},"17":{"name":"(anonymous_17)","line":230,"loc":{"start":{"line":230,"column":25},"end":{"line":230,"column":42}}},"18":{"name":"(anonymous_18)","line":234,"loc":{"start":{"line":234,"column":23},"end":{"line":234,"column":54}}},"19":{"name":"(anonymous_19)","line":238,"loc":{"start":{"line":238,"column":17},"end":{"line":238,"column":28}}},"20":{"name":"(anonymous_20)","line":263,"loc":{"start":{"line":263,"column":28},"end":{"line":263,"column":39}}},"21":{"name":"onMessageFromWorker","line":277,"loc":{"start":{"line":277,"column":0},"end":{"line":277,"column":34}}},"22":{"name":"onMessageFromMaster","line":294,"loc":{"start":{"line":294,"column":0},"end":{"line":294,"column":34}}},"23":{"name":"startWorker","line":310,"loc":{"start":{"line":310,"column":0},"end":{"line":310,"column":25}}},"24":{"name":"startListener","line":316,"loc":{"start":{"line":316,"column":0},"end":{"line":316,"column":36}}},"25":{"name":"(anonymous_25)","line":317,"loc":{"start":{"line":317,"column":34},"end":{"line":317,"column":48}}}},"statementMap":{"1":{"start":{"line":1,"column":0},"end":{"line":29,"column":0}},"2":{"start":{"line":31,"column":0},"end":{"line":47,"column":2}},"3":{"start":{"line":32,"column":1},"end":{"line":32,"column":53}},"4":{"start":{"line":34,"column":1},"end":{"line":45,"column":2}},"5":{"start":{"line":35,"column":2},"end":{"line":35,"column":23}},"6":{"start":{"line":36,"column":2},"end":{"line":41,"column":5}},"7":{"start":{"line":37,"column":3},"end":{"line":40,"column":4}},"8":{"start":{"line":38,"column":4},"end":{"line":38,"column":22}},"9":{"start":{"line":39,"column":4},"end":{"line":39,"column":15}},"10":{"start":{"line":44,"column":2},"end":{"line":44,"column":18}},"11":{"start":{"line":49,"column":0},"end":{"line":71,"column":2}},"12":{"start":{"line":50,"column":1},"end":{"line":52,"column":2}},"13":{"start":{"line":51,"column":2},"end":{"line":51,"column":9}},"14":{"start":{"line":54,"column":1},"end":{"line":70,"column":2}},"15":{"start":{"line":55,"column":2},"end":{"line":62,"column":21}},"16":{"start":{"line":56,"column":3},"end":{"line":56,"column":22}},"17":{"start":{"line":57,"column":3},"end":{"line":61,"column":4}},"18":{"start":{"line":58,"column":4},"end":{"line":58,"column":20}},"19":{"start":{"line":60,"column":4},"end":{"line":60,"column":15}},"20":{"start":{"line":64,"column":2},"end":{"line":64,"column":21}},"21":{"start":{"line":65,"column":2},"end":{"line":69,"column":3}},"22":{"start":{"line":66,"column":3},"end":{"line":66,"column":19}},"23":{"start":{"line":68,"column":3},"end":{"line":68,"column":14}},"24":{"start":{"line":73,"column":0},"end":{"line":92,"column":2}},"25":{"start":{"line":74,"column":1},"end":{"line":76,"column":2}},"26":{"start":{"line":75,"column":2},"end":{"line":75,"column":9}},"27":{"start":{"line":78,"column":1},"end":{"line":78,"column":47}},"28":{"start":{"line":79,"column":1},"end":{"line":81,"column":2}},"29":{"start":{"line":80,"column":2},"end":{"line":80,"column":9}},"30":{"start":{"line":83,"column":1},"end":{"line":88,"column":3}},"31":{"start":{"line":91,"column":1},"end":{"line":91,"column":32}},"32":{"start":{"line":94,"column":0},"end":{"line":113,"column":2}},"33":{"start":{"line":95,"column":1},"end":{"line":97,"column":2}},"34":{"start":{"line":96,"column":2},"end":{"line":96,"column":37}},"35":{"start":{"line":99,"column":1},"end":{"line":99,"column":36}},"36":{"start":{"line":100,"column":1},"end":{"line":102,"column":2}},"37":{"start":{"line":101,"column":2},"end":{"line":101,"column":55}},"38":{"start":{"line":104,"column":1},"end":{"line":104,"column":18}},"39":{"start":{"line":105,"column":1},"end":{"line":109,"column":2}},"40":{"start":{"line":106,"column":2},"end":{"line":108,"column":3}},"41":{"start":{"line":107,"column":3},"end":{"line":107,"column":27}},"42":{"start":{"line":112,"column":1},"end":{"line":112,"column":33}},"43":{"start":{"line":115,"column":0},"end":{"line":134,"column":2}},"44":{"start":{"line":116,"column":1},"end":{"line":118,"column":2}},"45":{"start":{"line":117,"column":2},"end":{"line":117,"column":60}},"46":{"start":{"line":120,"column":1},"end":{"line":122,"column":2}},"47":{"start":{"line":121,"column":2},"end":{"line":121,"column":9}},"48":{"start":{"line":124,"column":1},"end":{"line":124,"column":27}},"49":{"start":{"line":126,"column":1},"end":{"line":126,"column":25}},"50":{"start":{"line":128,"column":1},"end":{"line":128,"column":44}},"51":{"start":{"line":130,"column":1},"end":{"line":130,"column":44}},"52":{"start":{"line":133,"column":1},"end":{"line":133,"column":112}},"53":{"start":{"line":136,"column":0},"end":{"line":148,"column":3}},"54":{"start":{"line":138,"column":2},"end":{"line":138,"column":19}},"55":{"start":{"line":139,"column":2},"end":{"line":139,"column":33}},"56":{"start":{"line":140,"column":2},"end":{"line":144,"column":3}},"57":{"start":{"line":141,"column":3},"end":{"line":141,"column":28}},"58":{"start":{"line":142,"column":3},"end":{"line":142,"column":35}},"59":{"start":{"line":143,"column":3},"end":{"line":143,"column":24}},"60":{"start":{"line":146,"column":2},"end":{"line":146,"column":17}},"61":{"start":{"line":150,"column":0},"end":{"line":154,"column":3}},"62":{"start":{"line":152,"column":2},"end":{"line":152,"column":24}},"63":{"start":{"line":156,"column":0},"end":{"line":172,"column":2}},"64":{"start":{"line":157,"column":1},"end":{"line":160,"column":2}},"65":{"start":{"line":158,"column":2},"end":{"line":158,"column":15}},"66":{"start":{"line":159,"column":2},"end":{"line":159,"column":15}},"67":{"start":{"line":161,"column":1},"end":{"line":161,"column":39}},"68":{"start":{"line":162,"column":1},"end":{"line":165,"column":2}},"69":{"start":{"line":164,"column":2},"end":{"line":164,"column":40}},"70":{"start":{"line":167,"column":1},"end":{"line":167,"column":88}},"71":{"start":{"line":168,"column":1},"end":{"line":168,"column":130}},"72":{"start":{"line":169,"column":1},"end":{"line":169,"column":43}},"73":{"start":{"line":171,"column":1},"end":{"line":171,"column":15}},"74":{"start":{"line":174,"column":0},"end":{"line":275,"column":1}},"75":{"start":{"line":175,"column":1},"end":{"line":175,"column":25}},"76":{"start":{"line":176,"column":1},"end":{"line":176,"column":48}},"77":{"start":{"line":178,"column":1},"end":{"line":178,"column":21}},"78":{"start":{"line":180,"column":1},"end":{"line":272,"column":2}},"79":{"start":{"line":181,"column":2},"end":{"line":183,"column":3}},"80":{"start":{"line":182,"column":3},"end":{"line":182,"column":51}},"81":{"start":{"line":185,"column":2},"end":{"line":185,"column":19}},"82":{"start":{"line":187,"column":2},"end":{"line":188,"column":4}},"83":{"start":{"line":195,"column":2},"end":{"line":195,"column":53}},"84":{"start":{"line":196,"column":2},"end":{"line":196,"column":57}},"85":{"start":{"line":197,"column":2},"end":{"line":197,"column":59}},"86":{"start":{"line":198,"column":2},"end":{"line":198,"column":51}},"87":{"start":{"line":199,"column":2},"end":{"line":199,"column":51}},"88":{"start":{"line":200,"column":2},"end":{"line":200,"column":51}},"89":{"start":{"line":201,"column":2},"end":{"line":201,"column":57}},"90":{"start":{"line":202,"column":2},"end":{"line":202,"column":57}},"91":{"start":{"line":203,"column":2},"end":{"line":203,"column":55}},"92":{"start":{"line":204,"column":2},"end":{"line":206,"column":12}},"93":{"start":{"line":205,"column":3},"end":{"line":205,"column":81}},"94":{"start":{"line":207,"column":2},"end":{"line":209,"column":12}},"95":{"start":{"line":208,"column":3},"end":{"line":208,"column":82}},"96":{"start":{"line":212,"column":2},"end":{"line":214,"column":5}},"97":{"start":{"line":213,"column":3},"end":{"line":213,"column":40}},"98":{"start":{"line":216,"column":2},"end":{"line":259,"column":5}},"99":{"start":{"line":217,"column":3},"end":{"line":250,"column":4}},"100":{"start":{"line":218,"column":4},"end":{"line":218,"column":29}},"101":{"start":{"line":221,"column":4},"end":{"line":221,"column":55}},"102":{"start":{"line":223,"column":4},"end":{"line":223,"column":30}},"103":{"start":{"line":226,"column":4},"end":{"line":228,"column":7}},"104":{"start":{"line":230,"column":4},"end":{"line":232,"column":7}},"105":{"start":{"line":231,"column":5},"end":{"line":231,"column":56}},"106":{"start":{"line":234,"column":4},"end":{"line":243,"column":7}},"107":{"start":{"line":235,"column":5},"end":{"line":235,"column":55}},"108":{"start":{"line":237,"column":5},"end":{"line":242,"column":6}},"109":{"start":{"line":238,"column":6},"end":{"line":241,"column":33}},"110":{"start":{"line":240,"column":7},"end":{"line":240,"column":68}},"111":{"start":{"line":245,"column":4},"end":{"line":249,"column":5}},"112":{"start":{"line":247,"column":5},"end":{"line":247,"column":32}},"113":{"start":{"line":248,"column":5},"end":{"line":248,"column":31}},"114":{"start":{"line":252,"column":3},"end":{"line":252,"column":20}},"115":{"start":{"line":255,"column":3},"end":{"line":257,"column":4}},"116":{"start":{"line":256,"column":4},"end":{"line":256,"column":30}},"117":{"start":{"line":258,"column":3},"end":{"line":258,"column":29}},"118":{"start":{"line":261,"column":2},"end":{"line":261,"column":9}},"119":{"start":{"line":262,"column":8},"end":{"line":272,"column":2}},"120":{"start":{"line":263,"column":2},"end":{"line":265,"column":5}},"121":{"start":{"line":264,"column":3},"end":{"line":264,"column":40}},"122":{"start":{"line":266,"column":2},"end":{"line":266,"column":9}},"123":{"start":{"line":267,"column":8},"end":{"line":272,"column":2}},"124":{"start":{"line":269,"column":2},"end":{"line":271,"column":3}},"125":{"start":{"line":270,"column":3},"end":{"line":270,"column":48}},"126":{"start":{"line":274,"column":1},"end":{"line":274,"column":12}},"127":{"start":{"line":277,"column":0},"end":{"line":292,"column":1}},"128":{"start":{"line":278,"column":1},"end":{"line":278,"column":19}},"129":{"start":{"line":279,"column":1},"end":{"line":281,"column":2}},"130":{"start":{"line":280,"column":2},"end":{"line":280,"column":9}},"131":{"start":{"line":283,"column":1},"end":{"line":291,"column":2}},"132":{"start":{"line":285,"column":3},"end":{"line":289,"column":4}},"133":{"start":{"line":286,"column":4},"end":{"line":286,"column":39}},"134":{"start":{"line":287,"column":4},"end":{"line":287,"column":72}},"135":{"start":{"line":288,"column":4},"end":{"line":288,"column":69}},"136":{"start":{"line":290,"column":2},"end":{"line":290,"column":8}},"137":{"start":{"line":294,"column":0},"end":{"line":308,"column":1}},"138":{"start":{"line":295,"column":1},"end":{"line":295,"column":29}},"139":{"start":{"line":297,"column":1},"end":{"line":299,"column":2}},"140":{"start":{"line":298,"column":2},"end":{"line":298,"column":9}},"141":{"start":{"line":301,"column":1},"end":{"line":307,"column":2}},"142":{"start":{"line":303,"column":3},"end":{"line":305,"column":4}},"143":{"start":{"line":304,"column":4},"end":{"line":304,"column":26}},"144":{"start":{"line":306,"column":2},"end":{"line":306,"column":8}},"145":{"start":{"line":310,"column":0},"end":{"line":314,"column":1}},"146":{"start":{"line":311,"column":1},"end":{"line":311,"column":57}},"147":{"start":{"line":313,"column":1},"end":{"line":313,"column":12}},"148":{"start":{"line":316,"column":0},"end":{"line":324,"column":1}},"149":{"start":{"line":317,"column":1},"end":{"line":323,"column":4}},"150":{"start":{"line":318,"column":2},"end":{"line":320,"column":3}},"151":{"start":{"line":319,"column":3},"end":{"line":319,"column":87}},"152":{"start":{"line":322,"column":2},"end":{"line":322,"column":10}}},"branchMap":{"1":{"line":34,"type":"if","locations":[{"start":{"line":34,"column":1},"end":{"line":34,"column":1}},{"start":{"line":34,"column":1},"end":{"line":34,"column":1}}]},"2":{"line":37,"type":"if","locations":[{"start":{"line":37,"column":3},"end":{"line":37,"column":3}},{"start":{"line":37,"column":3},"end":{"line":37,"column":3}}]},"3":{"line":39,"type":"binary-expr","locations":[{"start":{"line":39,"column":4},"end":{"line":39,"column":6}},{"start":{"line":39,"column":10},"end":{"line":39,"column":14}}]},"4":{"line":50,"type":"if","locations":[{"start":{"line":50,"column":1},"end":{"line":50,"column":1}},{"start":{"line":50,"column":1},"end":{"line":50,"column":1}}]},"5":{"line":54,"type":"if","locations":[{"start":{"line":54,"column":1},"end":{"line":54,"column":1}},{"start":{"line":54,"column":1},"end":{"line":54,"column":1}}]},"6":{"line":57,"type":"if","locations":[{"start":{"line":57,"column":3},"end":{"line":57,"column":3}},{"start":{"line":57,"column":3},"end":{"line":57,"column":3}}]},"7":{"line":60,"type":"binary-expr","locations":[{"start":{"line":60,"column":4},"end":{"line":60,"column":6}},{"start":{"line":60,"column":10},"end":{"line":60,"column":14}}]},"8":{"line":65,"type":"if","locations":[{"start":{"line":65,"column":2},"end":{"line":65,"column":2}},{"start":{"line":65,"column":2},"end":{"line":65,"column":2}}]},"9":{"line":68,"type":"binary-expr","locations":[{"start":{"line":68,"column":3},"end":{"line":68,"column":5}},{"start":{"line":68,"column":9},"end":{"line":68,"column":13}}]},"10":{"line":74,"type":"if","locations":[{"start":{"line":74,"column":1},"end":{"line":74,"column":1}},{"start":{"line":74,"column":1},"end":{"line":74,"column":1}}]},"11":{"line":78,"type":"binary-expr","locations":[{"start":{"line":78,"column":21},"end":{"line":78,"column":38}},{"start":{"line":78,"column":42},"end":{"line":78,"column":46}}]},"12":{"line":79,"type":"if","locations":[{"start":{"line":79,"column":1},"end":{"line":79,"column":1}},{"start":{"line":79,"column":1},"end":{"line":79,"column":1}}]},"13":{"line":79,"type":"binary-expr","locations":[{"start":{"line":79,"column":5},"end":{"line":79,"column":23}},{"start":{"line":79,"column":27},"end":{"line":79,"column":53}}]},"14":{"line":95,"type":"if","locations":[{"start":{"line":95,"column":1},"end":{"line":95,"column":1}},{"start":{"line":95,"column":1},"end":{"line":95,"column":1}}]},"15":{"line":100,"type":"if","locations":[{"start":{"line":100,"column":1},"end":{"line":100,"column":1}},{"start":{"line":100,"column":1},"end":{"line":100,"column":1}}]},"16":{"line":105,"type":"if","locations":[{"start":{"line":105,"column":1},"end":{"line":105,"column":1}},{"start":{"line":105,"column":1},"end":{"line":105,"column":1}}]},"17":{"line":116,"type":"if","locations":[{"start":{"line":116,"column":1},"end":{"line":116,"column":1}},{"start":{"line":116,"column":1},"end":{"line":116,"column":1}}]},"18":{"line":120,"type":"if","locations":[{"start":{"line":120,"column":1},"end":{"line":120,"column":1}},{"start":{"line":120,"column":1},"end":{"line":120,"column":1}}]},"19":{"line":126,"type":"binary-expr","locations":[{"start":{"line":126,"column":11},"end":{"line":126,"column":18}},{"start":{"line":126,"column":22},"end":{"line":126,"column":24}}]},"20":{"line":157,"type":"if","locations":[{"start":{"line":157,"column":1},"end":{"line":157,"column":1}},{"start":{"line":157,"column":1},"end":{"line":157,"column":1}}]},"21":{"line":161,"type":"binary-expr","locations":[{"start":{"line":161,"column":14},"end":{"line":161,"column":24}},{"start":{"line":161,"column":28},"end":{"line":161,"column":38}}]},"22":{"line":162,"type":"if","locations":[{"start":{"line":162,"column":1},"end":{"line":162,"column":1}},{"start":{"line":162,"column":1},"end":{"line":162,"column":1}}]},"23":{"line":162,"type":"binary-expr","locations":[{"start":{"line":162,"column":5},"end":{"line":162,"column":34}},{"start":{"line":162,"column":39},"end":{"line":162,"column":69}},{"start":{"line":162,"column":73},"end":{"line":162,"column":102}}]},"24":{"line":167,"type":"binary-expr","locations":[{"start":{"line":167,"column":63},"end":{"line":167,"column":66}},{"start":{"line":167,"column":70},"end":{"line":167,"column":83}}]},"25":{"line":168,"type":"binary-expr","locations":[{"start":{"line":168,"column":114},"end":{"line":168,"column":121}},{"start":{"line":168,"column":125},"end":{"line":168,"column":127}}]},"26":{"line":175,"type":"binary-expr","locations":[{"start":{"line":175,"column":11},"end":{"line":175,"column":18}},{"start":{"line":175,"column":22},"end":{"line":175,"column":24}}]},"27":{"line":176,"type":"binary-expr","locations":[{"start":{"line":176,"column":23},"end":{"line":176,"column":42}},{"start":{"line":176,"column":46},"end":{"line":176,"column":47}}]},"28":{"line":180,"type":"if","locations":[{"start":{"line":180,"column":1},"end":{"line":180,"column":1}},{"start":{"line":180,"column":1},"end":{"line":180,"column":1}}]},"29":{"line":181,"type":"if","locations":[{"start":{"line":181,"column":2},"end":{"line":181,"column":2}},{"start":{"line":181,"column":2},"end":{"line":181,"column":2}}]},"30":{"line":205,"type":"binary-expr","locations":[{"start":{"line":205,"column":55},"end":{"line":205,"column":61}},{"start":{"line":205,"column":65},"end":{"line":205,"column":78}}]},"31":{"line":208,"type":"binary-expr","locations":[{"start":{"line":208,"column":56},"end":{"line":208,"column":62}},{"start":{"line":208,"column":66},"end":{"line":208,"column":79}}]},"32":{"line":217,"type":"if","locations":[{"start":{"line":217,"column":3},"end":{"line":217,"column":3}},{"start":{"line":217,"column":3},"end":{"line":217,"column":3}}]},"33":{"line":237,"type":"if","locations":[{"start":{"line":237,"column":5},"end":{"line":237,"column":5}},{"start":{"line":237,"column":5},"end":{"line":237,"column":5}}]},"34":{"line":237,"type":"binary-expr","locations":[{"start":{"line":237,"column":9},"end":{"line":237,"column":32}},{"start":{"line":237,"column":36},"end":{"line":237,"column":69}}]},"35":{"line":245,"type":"if","locations":[{"start":{"line":245,"column":4},"end":{"line":245,"column":4}},{"start":{"line":245,"column":4},"end":{"line":245,"column":4}}]},"36":{"line":262,"type":"if","locations":[{"start":{"line":262,"column":8},"end":{"line":262,"column":8}},{"start":{"line":262,"column":8},"end":{"line":262,"column":8}}]},"37":{"line":267,"type":"if","locations":[{"start":{"line":267,"column":8},"end":{"line":267,"column":8}},{"start":{"line":267,"column":8},"end":{"line":267,"column":8}}]},"38":{"line":267,"type":"binary-expr","locations":[{"start":{"line":267,"column":12},"end":{"line":267,"column":39}},{"start":{"line":267,"column":43},"end":{"line":267,"column":73}}]},"39":{"line":274,"type":"binary-expr","locations":[{"start":{"line":274,"column":1},"end":{"line":274,"column":3}},{"start":{"line":274,"column":7},"end":{"line":274,"column":11}}]},"40":{"line":279,"type":"if","locations":[{"start":{"line":279,"column":1},"end":{"line":279,"column":1}},{"start":{"line":279,"column":1},"end":{"line":279,"column":1}}]},"41":{"line":279,"type":"binary-expr","locations":[{"start":{"line":279,"column":5},"end":{"line":279,"column":9}},{"start":{"line":279,"column":13},"end":{"line":279,"column":26}},{"start":{"line":279,"column":30},"end":{"line":279,"column":47}}]},"42":{"line":283,"type":"switch","locations":[{"start":{"line":284,"column":2},"end":{"line":290,"column":8}}]},"43":{"line":285,"type":"if","locations":[{"start":{"line":285,"column":3},"end":{"line":285,"column":3}},{"start":{"line":285,"column":3},"end":{"line":285,"column":3}}]},"44":{"line":288,"type":"binary-expr","locations":[{"start":{"line":288,"column":4},"end":{"line":288,"column":33}},{"start":{"line":288,"column":37},"end":{"line":288,"column":68}}]},"45":{"line":297,"type":"if","locations":[{"start":{"line":297,"column":1},"end":{"line":297,"column":1}},{"start":{"line":297,"column":1},"end":{"line":297,"column":1}}]},"46":{"line":297,"type":"binary-expr","locations":[{"start":{"line":297,"column":5},"end":{"line":297,"column":9}},{"start":{"line":297,"column":13},"end":{"line":297,"column":26}},{"start":{"line":297,"column":30},"end":{"line":297,"column":47}}]},"47":{"line":301,"type":"switch","locations":[{"start":{"line":302,"column":2},"end":{"line":306,"column":8}}]},"48":{"line":303,"type":"if","locations":[{"start":{"line":303,"column":3},"end":{"line":303,"column":3}},{"start":{"line":303,"column":3},"end":{"line":303,"column":3}}]},"49":{"line":313,"type":"binary-expr","locations":[{"start":{"line":313,"column":1},"end":{"line":313,"column":3}},{"start":{"line":313,"column":7},"end":{"line":313,"column":11}}]},"50":{"line":318,"type":"if","locations":[{"start":{"line":318,"column":2},"end":{"line":318,"column":2}},{"start":{"line":318,"column":2},"end":{"line":318,"column":2}}]}}},"C:\\dev\\node-cluster-service\\lib\\http-server.js":{"path":"C:\\dev\\node-cluster-service\\lib\\http-server.js","s":{"1":1,"2":1,"3":1,"4":1,"5":1,"6":1,"7":1,"8":1,"9":4,"10":4,"11":1,"12":0,"13":0,"14":0,"15":0,"16":0,"17":0,"18":0,"19":0,"20":0,"21":0,"22":0,"23":0,"24":0,"25":0,"26":0,"27":0,"28":0,"29":0,"30":0,"31":1,"32":0,"33":0,"34":0,"35":0,"36":0,"37":0,"38":0,"39":0,"40":0,"41":0,"42":0,"43":0,"44":1,"45":0,"46":0,"47":0,"48":0,"49":0,"50":0,"51":0,"52":0,"53":0,"54":0,"55":0,"56":0},"b":{"1":[0,0],"2":[0,0],"3":[0,0],"4":[0,0],"5":[0,0],"6":[0,0],"7":[0,0],"8":[0,0],"9":[0,0],"10":[0,0],"11":[0,0],"12":[0,0]},"f":{"1":1,"2":4,"3":0,"4":0,"5":0,"6":0},"fnMap":{"1":{"name":"(anonymous_1)","line":11,"loc":{"start":{"line":11,"column":15},"end":{"line":11,"column":34}}},"2":{"name":"(anonymous_2)","line":22,"loc":{"start":{"line":22,"column":16},"end":{"line":22,"column":27}}},"3":{"name":"processRequest","line":29,"loc":{"start":{"line":29,"column":0},"end":{"line":29,"column":34}}},"4":{"name":"onCommand","line":61,"loc":{"start":{"line":61,"column":0},"end":{"line":61,"column":39}}},"5":{"name":"(anonymous_5)","line":63,"loc":{"start":{"line":63,"column":18},"end":{"line":63,"column":40}}},"6":{"name":"onCallback","line":80,"loc":{"start":{"line":80,"column":0},"end":{"line":80,"column":43}}}},"statementMap":{"1":{"start":{"line":1,"column":0},"end":{"line":9,"column":0}},"2":{"start":{"line":11,"column":0},"end":{"line":20,"column":2}},"3":{"start":{"line":12,"column":1},"end":{"line":12,"column":12}},"4":{"start":{"line":13,"column":1},"end":{"line":13,"column":13}},"5":{"start":{"line":15,"column":1},"end":{"line":15,"column":58}},"6":{"start":{"line":17,"column":1},"end":{"line":17,"column":24}},"7":{"start":{"line":19,"column":1},"end":{"line":19,"column":47}},"8":{"start":{"line":22,"column":0},"end":{"line":27,"column":2}},"9":{"start":{"line":23,"column":1},"end":{"line":26,"column":2}},"10":{"start":{"line":24,"column":2},"end":{"line":24,"column":17}},"11":{"start":{"line":29,"column":0},"end":{"line":59,"column":1}},"12":{"start":{"line":30,"column":1},"end":{"line":58,"column":2}},"13":{"start":{"line":31,"column":2},"end":{"line":31,"column":51}},"14":{"start":{"line":33,"column":2},"end":{"line":37,"column":3}},"15":{"start":{"line":34,"column":3},"end":{"line":34,"column":22}},"16":{"start":{"line":35,"column":3},"end":{"line":35,"column":29}},"17":{"start":{"line":36,"column":3},"end":{"line":36,"column":10}},"18":{"start":{"line":39,"column":2},"end":{"line":43,"column":3}},"19":{"start":{"line":40,"column":3},"end":{"line":40,"column":22}},"20":{"start":{"line":41,"column":3},"end":{"line":41,"column":33}},"21":{"start":{"line":42,"column":3},"end":{"line":42,"column":10}},"22":{"start":{"line":45,"column":2},"end":{"line":45,"column":36}},"23":{"start":{"line":47,"column":2},"end":{"line":47,"column":57}},"24":{"start":{"line":48,"column":2},"end":{"line":52,"column":3}},"25":{"start":{"line":49,"column":3},"end":{"line":49,"column":22}},"26":{"start":{"line":50,"column":3},"end":{"line":50,"column":29}},"27":{"start":{"line":51,"column":3},"end":{"line":51,"column":10}},"28":{"start":{"line":53,"column":2},"end":{"line":53,"column":31}},"29":{"start":{"line":55,"column":2},"end":{"line":55,"column":32}},"30":{"start":{"line":57,"column":2},"end":{"line":57,"column":142}},"31":{"start":{"line":61,"column":0},"end":{"line":78,"column":1}},"32":{"start":{"line":62,"column":1},"end":{"line":62,"column":65}},"33":{"start":{"line":63,"column":1},"end":{"line":63,"column":102}},"34":{"start":{"line":63,"column":42},"end":{"line":63,"column":76}},"35":{"start":{"line":65,"column":1},"end":{"line":70,"column":2}},"36":{"start":{"line":66,"column":2},"end":{"line":66,"column":51}},"37":{"start":{"line":67,"column":2},"end":{"line":67,"column":21}},"38":{"start":{"line":68,"column":2},"end":{"line":68,"column":34}},"39":{"start":{"line":69,"column":2},"end":{"line":69,"column":9}},"40":{"start":{"line":72,"column":1},"end":{"line":77,"column":2}},"41":{"start":{"line":73,"column":2},"end":{"line":73,"column":37}},"42":{"start":{"line":75,"column":2},"end":{"line":75,"column":21}},"43":{"start":{"line":76,"column":2},"end":{"line":76,"column":129}},"44":{"start":{"line":80,"column":0},"end":{"line":100,"column":1}},"45":{"start":{"line":81,"column":1},"end":{"line":99,"column":2}},"46":{"start":{"line":82,"column":2},"end":{"line":82,"column":23}},"47":{"start":{"line":84,"column":2},"end":{"line":96,"column":3}},"48":{"start":{"line":85,"column":3},"end":{"line":85,"column":22}},"49":{"start":{"line":86,"column":3},"end":{"line":86,"column":16}},"50":{"start":{"line":88,"column":3},"end":{"line":95,"column":4}},"51":{"start":{"line":89,"column":4},"end":{"line":89,"column":38}},"52":{"start":{"line":90,"column":4},"end":{"line":90,"column":102}},"53":{"start":{"line":91,"column":4},"end":{"line":91,"column":18}},"54":{"start":{"line":93,"column":4},"end":{"line":93,"column":23}},"55":{"start":{"line":94,"column":4},"end":{"line":94,"column":23}},"56":{"start":{"line":98,"column":2},"end":{"line":98,"column":142}}},"branchMap":{"1":{"line":33,"type":"if","locations":[{"start":{"line":33,"column":2},"end":{"line":33,"column":2}},{"start":{"line":33,"column":2},"end":{"line":33,"column":2}}]},"2":{"line":39,"type":"if","locations":[{"start":{"line":39,"column":2},"end":{"line":39,"column":2}},{"start":{"line":39,"column":2},"end":{"line":39,"column":2}}]},"3":{"line":39,"type":"binary-expr","locations":[{"start":{"line":39,"column":6},"end":{"line":39,"column":27}},{"start":{"line":39,"column":31},"end":{"line":39,"column":69}}]},"4":{"line":48,"type":"if","locations":[{"start":{"line":48,"column":2},"end":{"line":48,"column":2}},{"start":{"line":48,"column":2},"end":{"line":48,"column":2}}]},"5":{"line":48,"type":"binary-expr","locations":[{"start":{"line":48,"column":6},"end":{"line":48,"column":19}},{"start":{"line":48,"column":23},"end":{"line":48,"column":57}}]},"6":{"line":53,"type":"binary-expr","locations":[{"start":{"line":53,"column":17},"end":{"line":53,"column":23}},{"start":{"line":53,"column":27},"end":{"line":53,"column":30}}]},"7":{"line":57,"type":"binary-expr","locations":[{"start":{"line":57,"column":96},"end":{"line":57,"column":104}},{"start":{"line":57,"column":108},"end":{"line":57,"column":125}}]},"8":{"line":65,"type":"if","locations":[{"start":{"line":65,"column":1},"end":{"line":65,"column":1}},{"start":{"line":65,"column":1},"end":{"line":65,"column":1}}]},"9":{"line":76,"type":"binary-expr","locations":[{"start":{"line":76,"column":70},"end":{"line":76,"column":78}},{"start":{"line":76,"column":82},"end":{"line":76,"column":99}}]},"10":{"line":84,"type":"if","locations":[{"start":{"line":84,"column":2},"end":{"line":84,"column":2}},{"start":{"line":84,"column":2},"end":{"line":84,"column":2}}]},"11":{"line":88,"type":"if","locations":[{"start":{"line":88,"column":3},"end":{"line":88,"column":3}},{"start":{"line":88,"column":3},"end":{"line":88,"column":3}}]},"12":{"line":98,"type":"binary-expr","locations":[{"start":{"line":98,"column":96},"end":{"line":98,"column":104}},{"start":{"line":98,"column":108},"end":{"line":98,"column":125}}]}}},"C:\\dev\\node-cluster-service\\lib\\workers.js":{"path":"C:\\dev\\node-cluster-service\\lib\\workers.js","s":{"1":1,"2":1,"3":1,"4":1,"5":1,"6":1},"b":{},"f":{"1":1,"2":1},"fnMap":{"1":{"name":"(anonymous_1)","line":1,"loc":{"start":{"line":1,"column":17},"end":{"line":1,"column":35}}},"2":{"name":"(anonymous_2)","line":7,"loc":{"start":{"line":7,"column":22},"end":{"line":7,"column":35}}}},"statementMap":{"1":{"start":{"line":1,"column":0},"end":{"line":5,"column":2}},"2":{"start":{"line":2,"column":1},"end":{"line":2,"column":35}},"3":{"start":{"line":3,"column":1},"end":{"line":3,"column":32}},"4":{"start":{"line":4,"column":1},"end":{"line":4,"column":15}},"5":{"start":{"line":7,"column":0},"end":{"line":12,"column":2}},"6":{"start":{"line":8,"column":1},"end":{"line":11,"column":4}}},"branchMap":{}},"C:\\dev\\node-cluster-service\\lib\\start.js":{"path":"C:\\dev\\node-cluster-service\\lib\\start.js","s":{"1":1,"2":1,"3":1,"4":1,"5":1,"6":1,"7":0,"8":0,"9":1,"10":1,"11":1,"12":1,"13":1,"14":1,"15":1,"16":1,"17":0,"18":1,"19":1,"20":0,"21":1,"22":1,"23":1,"24":1,"25":0,"26":0,"27":1,"28":1,"29":0,"30":0,"31":0,"32":1,"33":1,"34":1,"35":1,"36":1},"b":{"1":[1,1],"2":[1,1],"3":[1,1],"4":[0,1],"5":[1,1],"6":[1,0],"7":[0,1],"8":[0,0],"9":[1,0],"10":[1,0]},"f":{"1":1,"2":1,"3":0,"4":1,"5":1,"6":0,"7":0,"8":1},"fnMap":{"1":{"name":"(anonymous_1)","line":6,"loc":{"start":{"line":6,"column":17},"end":{"line":6,"column":74}}},"2":{"name":"(anonymous_2)","line":26,"loc":{"start":{"line":26,"column":21},"end":{"line":26,"column":35}}},"3":{"name":"(anonymous_3)","line":35,"loc":{"start":{"line":35,"column":22},"end":{"line":35,"column":35}}},"4":{"name":"getTask","line":46,"loc":{"start":{"line":46,"column":0},"end":{"line":46,"column":48}}},"5":{"name":"(anonymous_5)","line":47,"loc":{"start":{"line":47,"column":8},"end":{"line":47,"column":21}}},"6":{"name":"(anonymous_6)","line":52,"loc":{"start":{"line":52,"column":22},"end":{"line":52,"column":33}}},"7":{"name":"(anonymous_7)","line":59,"loc":{"start":{"line":59,"column":27},"end":{"line":59,"column":38}}},"8":{"name":"(anonymous_8)","line":67,"loc":{"start":{"line":67,"column":62},"end":{"line":67,"column":76}}}},"statementMap":{"1":{"start":{"line":1,"column":0},"end":{"line":4,"column":0}},"2":{"start":{"line":6,"column":0},"end":{"line":33,"column":2}},"3":{"start":{"line":7,"column":1},"end":{"line":7,"column":28}},"4":{"start":{"line":8,"column":1},"end":{"line":8,"column":42}},"5":{"start":{"line":9,"column":1},"end":{"line":9,"column":38}},"6":{"start":{"line":10,"column":1},"end":{"line":13,"column":2}},"7":{"start":{"line":11,"column":2},"end":{"line":11,"column":40}},"8":{"start":{"line":12,"column":2},"end":{"line":12,"column":9}},"9":{"start":{"line":15,"column":1},"end":{"line":15,"column":29}},"10":{"start":{"line":16,"column":1},"end":{"line":16,"column":45}},"11":{"start":{"line":18,"column":1},"end":{"line":18,"column":16}},"12":{"start":{"line":20,"column":1},"end":{"line":20,"column":63}},"13":{"start":{"line":22,"column":1},"end":{"line":24,"column":2}},"14":{"start":{"line":23,"column":2},"end":{"line":23,"column":53}},"15":{"start":{"line":26,"column":1},"end":{"line":32,"column":4}},"16":{"start":{"line":27,"column":2},"end":{"line":31,"column":3}},"17":{"start":{"line":28,"column":3},"end":{"line":28,"column":11}},"18":{"start":{"line":30,"column":3},"end":{"line":30,"column":60}},"19":{"start":{"line":35,"column":0},"end":{"line":44,"column":2}},"20":{"start":{"line":36,"column":1},"end":{"line":43,"column":4}},"21":{"start":{"line":46,"column":0},"end":{"line":77,"column":1}},"22":{"start":{"line":47,"column":1},"end":{"line":76,"column":3}},"23":{"start":{"line":50,"column":2},"end":{"line":50,"column":24}},"24":{"start":{"line":52,"column":2},"end":{"line":56,"column":4}},"25":{"start":{"line":53,"column":3},"end":{"line":55,"column":4}},"26":{"start":{"line":54,"column":4},"end":{"line":54,"column":29}},"27":{"start":{"line":58,"column":2},"end":{"line":64,"column":3}},"28":{"start":{"line":59,"column":3},"end":{"line":63,"column":15}},"29":{"start":{"line":60,"column":4},"end":{"line":60,"column":53}},"30":{"start":{"line":61,"column":4},"end":{"line":61,"column":31}},"31":{"start":{"line":62,"column":4},"end":{"line":62,"column":20}},"32":{"start":{"line":67,"column":2},"end":{"line":75,"column":5}},"33":{"start":{"line":68,"column":3},"end":{"line":68,"column":52}},"34":{"start":{"line":69,"column":3},"end":{"line":71,"column":4}},"35":{"start":{"line":70,"column":4},"end":{"line":70,"column":29}},"36":{"start":{"line":73,"column":3},"end":{"line":73,"column":11}}},"branchMap":{"1":{"line":7,"type":"binary-expr","locations":[{"start":{"line":7,"column":7},"end":{"line":7,"column":10}},{"start":{"line":7,"column":14},"end":{"line":7,"column":27}}]},"2":{"line":8,"type":"binary-expr","locations":[{"start":{"line":8,"column":15},"end":{"line":8,"column":36}},{"start":{"line":8,"column":40},"end":{"line":8,"column":41}}]},"3":{"line":9,"type":"binary-expr","locations":[{"start":{"line":9,"column":11},"end":{"line":9,"column":28}},{"start":{"line":9,"column":32},"end":{"line":9,"column":37}}]},"4":{"line":10,"type":"if","locations":[{"start":{"line":10,"column":1},"end":{"line":10,"column":1}},{"start":{"line":10,"column":1},"end":{"line":10,"column":1}}]},"5":{"line":10,"type":"binary-expr","locations":[{"start":{"line":10,"column":5},"end":{"line":10,"column":35}},{"start":{"line":10,"column":39},"end":{"line":10,"column":54}}]},"6":{"line":20,"type":"binary-expr","locations":[{"start":{"line":20,"column":48},"end":{"line":20,"column":55}},{"start":{"line":20,"column":59},"end":{"line":20,"column":60}}]},"7":{"line":27,"type":"if","locations":[{"start":{"line":27,"column":2},"end":{"line":27,"column":2}},{"start":{"line":27,"column":2},"end":{"line":27,"column":2}}]},"8":{"line":53,"type":"if","locations":[{"start":{"line":53,"column":3},"end":{"line":53,"column":3}},{"start":{"line":53,"column":3},"end":{"line":53,"column":3}}]},"9":{"line":58,"type":"if","locations":[{"start":{"line":58,"column":2},"end":{"line":58,"column":2}},{"start":{"line":58,"column":2},"end":{"line":58,"column":2}}]},"10":{"line":69,"type":"if","locations":[{"start":{"line":69,"column":3},"end":{"line":69,"column":3}},{"start":{"line":69,"column":3},"end":{"line":69,"column":3}}]}}},"C:\\dev\\node-cluster-service\\lib\\restart.js":{"path":"C:\\dev\\node-cluster-service\\lib\\restart.js","s":{"1":1,"2":1,"3":1,"4":1,"5":1,"6":0,"7":0,"8":1,"9":1,"10":1,"11":1,"12":1,"13":1,"14":2,"15":2,"16":0,"17":2,"18":1,"19":0,"20":1,"21":1,"22":1,"23":1,"24":0,"25":1,"26":1,"27":0,"28":1,"29":2,"30":2,"31":2,"32":2,"33":0,"34":0,"35":2,"36":2,"37":0,"38":0,"39":0,"40":0,"41":0,"42":0,"43":2,"44":0,"45":0,"46":0,"47":2,"48":2,"49":2,"50":2,"51":2,"52":2,"53":2,"54":2,"55":0,"56":2,"57":2,"58":2,"59":2,"60":2,"61":0,"62":2},"b":{"1":[1,1],"2":[0,1],"3":[1,1,0],"4":[0,2],"5":[2,0],"6":[0,2],"7":[0,1],"8":[0,1],"9":[0,0],"10":[2,0],"11":[0,0],"12":[0,2],"13":[2,0],"14":[2,0],"15":[2,0],"16":[2,0],"17":[0,2]},"f":{"1":1,"2":1,"3":0,"4":2,"5":2,"6":0,"7":0,"8":2,"9":0,"10":2},"fnMap":{"1":{"name":"(anonymous_1)","line":6,"loc":{"start":{"line":6,"column":17},"end":{"line":6,"column":49}}},"2":{"name":"(anonymous_2)","line":35,"loc":{"start":{"line":35,"column":22},"end":{"line":35,"column":36}}},"3":{"name":"(anonymous_3)","line":47,"loc":{"start":{"line":47,"column":22},"end":{"line":47,"column":35}}},"4":{"name":"getTask","line":56,"loc":{"start":{"line":56,"column":0},"end":{"line":56,"column":56}}},"5":{"name":"(anonymous_5)","line":57,"loc":{"start":{"line":57,"column":8},"end":{"line":57,"column":21}}},"6":{"name":"(anonymous_6)","line":63,"loc":{"start":{"line":63,"column":22},"end":{"line":63,"column":33}}},"7":{"name":"(anonymous_7)","line":70,"loc":{"start":{"line":70,"column":27},"end":{"line":70,"column":38}}},"8":{"name":"(anonymous_8)","line":88,"loc":{"start":{"line":88,"column":111},"end":{"line":88,"column":125}}},"9":{"name":"(anonymous_9)","line":98,"loc":{"start":{"line":98,"column":24},"end":{"line":98,"column":35}}},"10":{"name":"(anonymous_10)","line":103,"loc":{"start":{"line":103,"column":21},"end":{"line":103,"column":32}}}},"statementMap":{"1":{"start":{"line":1,"column":0},"end":{"line":4,"column":0}},"2":{"start":{"line":6,"column":0},"end":{"line":45,"column":2}},"3":{"start":{"line":7,"column":1},"end":{"line":7,"column":25}},"4":{"start":{"line":8,"column":1},"end":{"line":8,"column":38}},"5":{"start":{"line":9,"column":1},"end":{"line":12,"column":2}},"6":{"start":{"line":10,"column":2},"end":{"line":10,"column":42}},"7":{"start":{"line":11,"column":2},"end":{"line":11,"column":9}},"8":{"start":{"line":14,"column":1},"end":{"line":14,"column":31}},"9":{"start":{"line":15,"column":1},"end":{"line":15,"column":63}},"10":{"start":{"line":16,"column":1},"end":{"line":16,"column":45}},"11":{"start":{"line":18,"column":1},"end":{"line":18,"column":35}},"12":{"start":{"line":19,"column":1},"end":{"line":19,"column":16}},"13":{"start":{"line":21,"column":1},"end":{"line":28,"column":2}},"14":{"start":{"line":22,"column":2},"end":{"line":22,"column":26}},"15":{"start":{"line":23,"column":2},"end":{"line":25,"column":3}},"16":{"start":{"line":24,"column":3},"end":{"line":24,"column":12}},"17":{"start":{"line":27,"column":2},"end":{"line":27,"column":66}},"18":{"start":{"line":30,"column":1},"end":{"line":44,"column":2}},"19":{"start":{"line":31,"column":2},"end":{"line":31,"column":30}},"20":{"start":{"line":33,"column":2},"end":{"line":33,"column":59}},"21":{"start":{"line":35,"column":2},"end":{"line":43,"column":5}},"22":{"start":{"line":36,"column":3},"end":{"line":36,"column":61}},"23":{"start":{"line":38,"column":3},"end":{"line":42,"column":4}},"24":{"start":{"line":39,"column":4},"end":{"line":39,"column":12}},"25":{"start":{"line":41,"column":4},"end":{"line":41,"column":63}},"26":{"start":{"line":47,"column":0},"end":{"line":54,"column":2}},"27":{"start":{"line":48,"column":1},"end":{"line":53,"column":4}},"28":{"start":{"line":56,"column":0},"end":{"line":120,"column":1}},"29":{"start":{"line":57,"column":1},"end":{"line":119,"column":3}},"30":{"start":{"line":60,"column":2},"end":{"line":60,"column":24}},"31":{"start":{"line":61,"column":2},"end":{"line":61,"column":24}},"32":{"start":{"line":63,"column":2},"end":{"line":67,"column":4}},"33":{"start":{"line":64,"column":3},"end":{"line":66,"column":4}},"34":{"start":{"line":65,"column":4},"end":{"line":65,"column":29}},"35":{"start":{"line":69,"column":2},"end":{"line":79,"column":3}},"36":{"start":{"line":70,"column":3},"end":{"line":78,"column":15}},"37":{"start":{"line":71,"column":4},"end":{"line":71,"column":23}},"38":{"start":{"line":72,"column":4},"end":{"line":72,"column":22}},"39":{"start":{"line":73,"column":4},"end":{"line":76,"column":5}},"40":{"start":{"line":74,"column":5},"end":{"line":74,"column":45}},"41":{"start":{"line":75,"column":5},"end":{"line":75,"column":23}},"42":{"start":{"line":77,"column":4},"end":{"line":77,"column":20}},"43":{"start":{"line":81,"column":2},"end":{"line":85,"column":3}},"44":{"start":{"line":82,"column":3},"end":{"line":82,"column":79}},"45":{"start":{"line":83,"column":3},"end":{"line":83,"column":8}},"46":{"start":{"line":84,"column":3},"end":{"line":84,"column":10}},"47":{"start":{"line":88,"column":2},"end":{"line":118,"column":5}},"48":{"start":{"line":89,"column":3},"end":{"line":89,"column":52}},"49":{"start":{"line":90,"column":3},"end":{"line":90,"column":21}},"50":{"start":{"line":91,"column":3},"end":{"line":93,"column":4}},"51":{"start":{"line":92,"column":4},"end":{"line":92,"column":29}},"52":{"start":{"line":96,"column":3},"end":{"line":96,"column":21}},"53":{"start":{"line":97,"column":3},"end":{"line":101,"column":4}},"54":{"start":{"line":98,"column":4},"end":{"line":100,"column":16}},"55":{"start":{"line":99,"column":5},"end":{"line":99,"column":28}},"56":{"start":{"line":103,"column":3},"end":{"line":110,"column":6}},"57":{"start":{"line":104,"column":4},"end":{"line":106,"column":5}},"58":{"start":{"line":105,"column":5},"end":{"line":105,"column":26}},"59":{"start":{"line":109,"column":4},"end":{"line":109,"column":24}},"60":{"start":{"line":112,"column":3},"end":{"line":116,"column":4}},"61":{"start":{"line":113,"column":4},"end":{"line":113,"column":55}},"62":{"start":{"line":115,"column":4},"end":{"line":115,"column":27}}},"branchMap":{"1":{"line":8,"type":"binary-expr","locations":[{"start":{"line":8,"column":11},"end":{"line":8,"column":28}},{"start":{"line":8,"column":32},"end":{"line":8,"column":37}}]},"2":{"line":9,"type":"if","locations":[{"start":{"line":9,"column":1},"end":{"line":9,"column":1}},{"start":{"line":9,"column":1},"end":{"line":9,"column":1}}]},"3":{"line":9,"type":"binary-expr","locations":[{"start":{"line":9,"column":5},"end":{"line":9,"column":28}},{"start":{"line":9,"column":33},"end":{"line":9,"column":46}},{"start":{"line":9,"column":50},"end":{"line":9,"column":54}}]},"4":{"line":23,"type":"if","locations":[{"start":{"line":23,"column":2},"end":{"line":23,"column":2}},{"start":{"line":23,"column":2},"end":{"line":23,"column":2}}]},"5":{"line":23,"type":"binary-expr","locations":[{"start":{"line":23,"column":6},"end":{"line":23,"column":9}},{"start":{"line":23,"column":13},"end":{"line":23,"column":39}}]},"6":{"line":27,"type":"cond-expr","locations":[{"start":{"line":27,"column":50},"end":{"line":27,"column":54}},{"start":{"line":27,"column":57},"end":{"line":27,"column":62}}]},"7":{"line":30,"type":"if","locations":[{"start":{"line":30,"column":1},"end":{"line":30,"column":1}},{"start":{"line":30,"column":1},"end":{"line":30,"column":1}}]},"8":{"line":38,"type":"if","locations":[{"start":{"line":38,"column":3},"end":{"line":38,"column":3}},{"start":{"line":38,"column":3},"end":{"line":38,"column":3}}]},"9":{"line":64,"type":"if","locations":[{"start":{"line":64,"column":3},"end":{"line":64,"column":3}},{"start":{"line":64,"column":3},"end":{"line":64,"column":3}}]},"10":{"line":69,"type":"if","locations":[{"start":{"line":69,"column":2},"end":{"line":69,"column":2}},{"start":{"line":69,"column":2},"end":{"line":69,"column":2}}]},"11":{"line":73,"type":"if","locations":[{"start":{"line":73,"column":4},"end":{"line":73,"column":4}},{"start":{"line":73,"column":4},"end":{"line":73,"column":4}}]},"12":{"line":81,"type":"if","locations":[{"start":{"line":81,"column":2},"end":{"line":81,"column":2}},{"start":{"line":81,"column":2},"end":{"line":81,"column":2}}]},"13":{"line":81,"type":"binary-expr","locations":[{"start":{"line":81,"column":6},"end":{"line":81,"column":54}},{"start":{"line":81,"column":58},"end":{"line":81,"column":83}}]},"14":{"line":91,"type":"if","locations":[{"start":{"line":91,"column":3},"end":{"line":91,"column":3}},{"start":{"line":91,"column":3},"end":{"line":91,"column":3}}]},"15":{"line":97,"type":"if","locations":[{"start":{"line":97,"column":3},"end":{"line":97,"column":3}},{"start":{"line":97,"column":3},"end":{"line":97,"column":3}}]},"16":{"line":104,"type":"if","locations":[{"start":{"line":104,"column":4},"end":{"line":104,"column":4}},{"start":{"line":104,"column":4},"end":{"line":104,"column":4}}]},"17":{"line":112,"type":"if","locations":[{"start":{"line":112,"column":3},"end":{"line":112,"column":3}},{"start":{"line":112,"column":3},"end":{"line":112,"column":3}}]}}},"C:\\dev\\node-cluster-service\\lib\\shutdown.js":{"path":"C:\\dev\\node-cluster-service\\lib\\shutdown.js","s":{"1":1,"2":1,"3":1,"4":1,"5":1,"6":0,"7":0,"8":1,"9":1,"10":1,"11":1,"12":1,"13":2,"14":2,"15":0,"16":2,"17":2,"18":2,"19":2,"20":2,"21":1,"22":1,"23":1,"24":1,"25":0,"26":2,"27":0,"28":2,"29":1,"30":0,"31":0,"32":0,"33":0,"34":0,"35":1,"36":1,"37":0,"38":1,"39":2,"40":0,"41":1,"42":2,"43":2,"44":2,"45":2,"46":2},"b":{"1":[1,0],"2":[0,1],"3":[1,1,0],"4":[0,2],"5":[2,0],"6":[2,0],"7":[1,1],"8":[1,0],"9":[0,2],"10":[0,1],"11":[0,0],"12":[1,0],"13":[2,0]},"f":{"1":1,"2":2,"3":0,"4":2,"5":0,"6":2,"7":2},"fnMap":{"1":{"name":"(anonymous_1)","line":5,"loc":{"start":{"line":5,"column":17},"end":{"line":5,"column":49}}},"2":{"name":"(anonymous_2)","line":28,"loc":{"start":{"line":28,"column":117},"end":{"line":28,"column":128}}},"3":{"name":"(anonymous_3)","line":61,"loc":{"start":{"line":61,"column":22},"end":{"line":61,"column":35}}},"4":{"name":"getKiller","line":70,"loc":{"start":{"line":70,"column":0},"end":{"line":70,"column":27}}},"5":{"name":"(anonymous_5)","line":71,"loc":{"start":{"line":71,"column":8},"end":{"line":71,"column":19}}},"6":{"name":"getExitHandler","line":76,"loc":{"start":{"line":76,"column":0},"end":{"line":76,"column":49}}},"7":{"name":"(anonymous_7)","line":77,"loc":{"start":{"line":77,"column":8},"end":{"line":77,"column":19}}}},"statementMap":{"1":{"start":{"line":1,"column":0},"end":{"line":3,"column":0}},"2":{"start":{"line":5,"column":0},"end":{"line":59,"column":2}},"3":{"start":{"line":6,"column":1},"end":{"line":6,"column":25}},"4":{"start":{"line":7,"column":1},"end":{"line":7,"column":38}},"5":{"start":{"line":8,"column":1},"end":{"line":11,"column":2}},"6":{"start":{"line":9,"column":2},"end":{"line":9,"column":43}},"7":{"start":{"line":10,"column":2},"end":{"line":10,"column":9}},"8":{"start":{"line":13,"column":1},"end":{"line":13,"column":32}},"9":{"start":{"line":15,"column":1},"end":{"line":15,"column":23}},"10":{"start":{"line":17,"column":1},"end":{"line":17,"column":35}},"11":{"start":{"line":18,"column":1},"end":{"line":18,"column":21}},"12":{"start":{"line":19,"column":1},"end":{"line":46,"column":2}},"13":{"start":{"line":20,"column":2},"end":{"line":20,"column":26}},"14":{"start":{"line":21,"column":2},"end":{"line":23,"column":3}},"15":{"start":{"line":22,"column":3},"end":{"line":22,"column":12}},"16":{"start":{"line":25,"column":2},"end":{"line":25,"column":17}},"17":{"start":{"line":26,"column":2},"end":{"line":26,"column":18}},"18":{"start":{"line":28,"column":2},"end":{"line":40,"column":6}},"19":{"start":{"line":29,"column":3},"end":{"line":29,"column":19}},"20":{"start":{"line":30,"column":3},"end":{"line":39,"column":4}},"21":{"start":{"line":32,"column":4},"end":{"line":38,"column":5}},"22":{"start":{"line":33,"column":5},"end":{"line":33,"column":32}},"23":{"start":{"line":34,"column":5},"end":{"line":34,"column":53}},"24":{"start":{"line":35,"column":5},"end":{"line":35,"column":35}},"25":{"start":{"line":37,"column":5},"end":{"line":37,"column":33}},"26":{"start":{"line":41,"column":2},"end":{"line":45,"column":3}},"27":{"start":{"line":42,"column":3},"end":{"line":42,"column":54}},"28":{"start":{"line":44,"column":3},"end":{"line":44,"column":26}},"29":{"start":{"line":48,"column":1},"end":{"line":58,"column":2}},"30":{"start":{"line":49,"column":2},"end":{"line":55,"column":3}},"31":{"start":{"line":50,"column":3},"end":{"line":50,"column":30}},"32":{"start":{"line":51,"column":3},"end":{"line":51,"column":51}},"33":{"start":{"line":52,"column":3},"end":{"line":52,"column":33}},"34":{"start":{"line":54,"column":3},"end":{"line":54,"column":34}},"35":{"start":{"line":57,"column":2},"end":{"line":57,"column":63}},"36":{"start":{"line":61,"column":0},"end":{"line":68,"column":2}},"37":{"start":{"line":62,"column":1},"end":{"line":67,"column":4}},"38":{"start":{"line":70,"column":0},"end":{"line":74,"column":1}},"39":{"start":{"line":71,"column":1},"end":{"line":73,"column":3}},"40":{"start":{"line":72,"column":2},"end":{"line":72,"column":25}},"41":{"start":{"line":76,"column":0},"end":{"line":85,"column":1}},"42":{"start":{"line":77,"column":1},"end":{"line":84,"column":3}},"43":{"start":{"line":78,"column":2},"end":{"line":81,"column":3}},"44":{"start":{"line":79,"column":3},"end":{"line":79,"column":24}},"45":{"start":{"line":80,"column":3},"end":{"line":80,"column":17}},"46":{"start":{"line":83,"column":2},"end":{"line":83,"column":7}}},"branchMap":{"1":{"line":7,"type":"binary-expr","locations":[{"start":{"line":7,"column":11},"end":{"line":7,"column":28}},{"start":{"line":7,"column":32},"end":{"line":7,"column":37}}]},"2":{"line":8,"type":"if","locations":[{"start":{"line":8,"column":1},"end":{"line":8,"column":1}},{"start":{"line":8,"column":1},"end":{"line":8,"column":1}}]},"3":{"line":8,"type":"binary-expr","locations":[{"start":{"line":8,"column":5},"end":{"line":8,"column":28}},{"start":{"line":8,"column":33},"end":{"line":8,"column":46}},{"start":{"line":8,"column":50},"end":{"line":8,"column":54}}]},"4":{"line":21,"type":"if","locations":[{"start":{"line":21,"column":2},"end":{"line":21,"column":2}},{"start":{"line":21,"column":2},"end":{"line":21,"column":2}}]},"5":{"line":21,"type":"binary-expr","locations":[{"start":{"line":21,"column":6},"end":{"line":21,"column":9}},{"start":{"line":21,"column":13},"end":{"line":21,"column":39}}]},"6":{"line":28,"type":"cond-expr","locations":[{"start":{"line":28,"column":70},"end":{"line":28,"column":108}},{"start":{"line":28,"column":111},"end":{"line":28,"column":115}}]},"7":{"line":30,"type":"if","locations":[{"start":{"line":30,"column":3},"end":{"line":30,"column":3}},{"start":{"line":30,"column":3},"end":{"line":30,"column":3}}]},"8":{"line":32,"type":"if","locations":[{"start":{"line":32,"column":4},"end":{"line":32,"column":4}},{"start":{"line":32,"column":4},"end":{"line":32,"column":4}}]},"9":{"line":41,"type":"if","locations":[{"start":{"line":41,"column":2},"end":{"line":41,"column":2}},{"start":{"line":41,"column":2},"end":{"line":41,"column":2}}]},"10":{"line":48,"type":"if","locations":[{"start":{"line":48,"column":1},"end":{"line":48,"column":1}},{"start":{"line":48,"column":1},"end":{"line":48,"column":1}}]},"11":{"line":49,"type":"if","locations":[{"start":{"line":49,"column":2},"end":{"line":49,"column":2}},{"start":{"line":49,"column":2},"end":{"line":49,"column":2}}]},"12":{"line":57,"type":"binary-expr","locations":[{"start":{"line":57,"column":48},"end":{"line":57,"column":55}},{"start":{"line":57,"column":59},"end":{"line":57,"column":60}}]},"13":{"line":78,"type":"if","locations":[{"start":{"line":78,"column":2},"end":{"line":78,"column":2}},{"start":{"line":78,"column":2},"end":{"line":78,"column":2}}]}}},"C:\\dev\\node-cluster-service\\lib\\test.js":{"path":"C:\\dev\\node-cluster-service\\lib\\test.js","s":{"1":1,"2":0,"3":1,"4":0},"b":{},"f":{"1":0,"2":0},"fnMap":{"1":{"name":"(anonymous_1)","line":2,"loc":{"start":{"line":2,"column":17},"end":{"line":2,"column":56}}},"2":{"name":"(anonymous_2)","line":6,"loc":{"start":{"line":6,"column":22},"end":{"line":6,"column":35}}}},"statementMap":{"1":{"start":{"line":2,"column":0},"end":{"line":4,"column":2}},"2":{"start":{"line":3,"column":1},"end":{"line":3,"column":6}},"3":{"start":{"line":6,"column":0},"end":{"line":8,"column":2}},"4":{"start":{"line":7,"column":1},"end":{"line":7,"column":33}}},"branchMap":{}},"C:\\dev\\node-cluster-service\\lib\\upgrade.js":{"path":"C:\\dev\\node-cluster-service\\lib\\upgrade.js","s":{"1":1,"2":1,"3":1,"4":1,"5":1,"6":1,"7":0,"8":0,"9":1,"10":1,"11":1,"12":1,"13":1,"14":1,"15":2,"16":2,"17":0,"18":2,"19":1,"20":0,"21":1,"22":1,"23":1,"24":1,"25":0,"26":1,"27":1,"28":0,"29":1,"30":2,"31":2,"32":2,"33":0,"34":0,"35":2,"36":2,"37":0,"38":0,"39":0,"40":2,"41":2,"42":2,"43":2,"44":2,"45":2,"46":2,"47":0,"48":2,"49":2,"50":2,"51":2,"52":2,"53":0,"54":2},"b":{"1":[1,1],"2":[1,1],"3":[0,1],"4":[1,1,1,0],"5":[0,2],"6":[2,0],"7":[0,1],"8":[1,0],"9":[0,1],"10":[0,0],"11":[2,0],"12":[2,0],"13":[2,0],"14":[2,0],"15":[0,2]},"f":{"1":1,"2":1,"3":0,"4":2,"5":2,"6":0,"7":0,"8":2,"9":0,"10":2},"fnMap":{"1":{"name":"(anonymous_1)","line":6,"loc":{"start":{"line":6,"column":17},"end":{"line":6,"column":66}}},"2":{"name":"(anonymous_2)","line":36,"loc":{"start":{"line":36,"column":22},"end":{"line":36,"column":36}}},"3":{"name":"(anonymous_3)","line":48,"loc":{"start":{"line":48,"column":22},"end":{"line":48,"column":35}}},"4":{"name":"getTask","line":59,"loc":{"start":{"line":59,"column":0},"end":{"line":59,"column":56}}},"5":{"name":"(anonymous_5)","line":60,"loc":{"start":{"line":60,"column":8},"end":{"line":60,"column":21}}},"6":{"name":"(anonymous_6)","line":65,"loc":{"start":{"line":65,"column":22},"end":{"line":65,"column":33}}},"7":{"name":"(anonymous_7)","line":72,"loc":{"start":{"line":72,"column":27},"end":{"line":72,"column":38}}},"8":{"name":"(anonymous_8)","line":80,"loc":{"start":{"line":80,"column":83},"end":{"line":80,"column":97}}},"9":{"name":"(anonymous_9)","line":90,"loc":{"start":{"line":90,"column":24},"end":{"line":90,"column":35}}},"10":{"name":"(anonymous_10)","line":95,"loc":{"start":{"line":95,"column":21},"end":{"line":95,"column":32}}}},"statementMap":{"1":{"start":{"line":1,"column":0},"end":{"line":4,"column":0}},"2":{"start":{"line":6,"column":0},"end":{"line":46,"column":2}},"3":{"start":{"line":7,"column":1},"end":{"line":7,"column":25}},"4":{"start":{"line":8,"column":1},"end":{"line":8,"column":28}},"5":{"start":{"line":9,"column":1},"end":{"line":9,"column":38}},"6":{"start":{"line":10,"column":1},"end":{"line":13,"column":2}},"7":{"start":{"line":11,"column":2},"end":{"line":11,"column":42}},"8":{"start":{"line":12,"column":2},"end":{"line":12,"column":9}},"9":{"start":{"line":15,"column":1},"end":{"line":15,"column":31}},"10":{"start":{"line":16,"column":1},"end":{"line":16,"column":63}},"11":{"start":{"line":17,"column":1},"end":{"line":17,"column":45}},"12":{"start":{"line":19,"column":1},"end":{"line":19,"column":35}},"13":{"start":{"line":20,"column":1},"end":{"line":20,"column":16}},"14":{"start":{"line":22,"column":1},"end":{"line":29,"column":2}},"15":{"start":{"line":23,"column":2},"end":{"line":23,"column":26}},"16":{"start":{"line":24,"column":2},"end":{"line":26,"column":3}},"17":{"start":{"line":25,"column":3},"end":{"line":25,"column":12}},"18":{"start":{"line":28,"column":2},"end":{"line":28,"column":61}},"19":{"start":{"line":31,"column":1},"end":{"line":45,"column":2}},"20":{"start":{"line":32,"column":2},"end":{"line":32,"column":30}},"21":{"start":{"line":34,"column":2},"end":{"line":34,"column":65}},"22":{"start":{"line":36,"column":2},"end":{"line":44,"column":5}},"23":{"start":{"line":37,"column":3},"end":{"line":37,"column":61}},"24":{"start":{"line":39,"column":3},"end":{"line":43,"column":4}},"25":{"start":{"line":40,"column":4},"end":{"line":40,"column":12}},"26":{"start":{"line":42,"column":4},"end":{"line":42,"column":62}},"27":{"start":{"line":48,"column":0},"end":{"line":57,"column":2}},"28":{"start":{"line":49,"column":1},"end":{"line":56,"column":4}},"29":{"start":{"line":59,"column":0},"end":{"line":112,"column":1}},"30":{"start":{"line":60,"column":1},"end":{"line":111,"column":3}},"31":{"start":{"line":63,"column":2},"end":{"line":63,"column":24}},"32":{"start":{"line":65,"column":2},"end":{"line":69,"column":4}},"33":{"start":{"line":66,"column":3},"end":{"line":68,"column":4}},"34":{"start":{"line":67,"column":4},"end":{"line":67,"column":29}},"35":{"start":{"line":71,"column":2},"end":{"line":77,"column":3}},"36":{"start":{"line":72,"column":3},"end":{"line":76,"column":15}},"37":{"start":{"line":73,"column":4},"end":{"line":73,"column":53}},"38":{"start":{"line":74,"column":4},"end":{"line":74,"column":31}},"39":{"start":{"line":75,"column":4},"end":{"line":75,"column":20}},"40":{"start":{"line":80,"column":2},"end":{"line":110,"column":5}},"41":{"start":{"line":82,"column":3},"end":{"line":82,"column":52}},"42":{"start":{"line":83,"column":3},"end":{"line":85,"column":4}},"43":{"start":{"line":84,"column":4},"end":{"line":84,"column":29}},"44":{"start":{"line":88,"column":3},"end":{"line":88,"column":21}},"45":{"start":{"line":89,"column":3},"end":{"line":93,"column":4}},"46":{"start":{"line":90,"column":4},"end":{"line":92,"column":16}},"47":{"start":{"line":91,"column":5},"end":{"line":91,"column":28}},"48":{"start":{"line":95,"column":3},"end":{"line":102,"column":6}},"49":{"start":{"line":96,"column":4},"end":{"line":98,"column":5}},"50":{"start":{"line":97,"column":5},"end":{"line":97,"column":26}},"51":{"start":{"line":101,"column":4},"end":{"line":101,"column":24}},"52":{"start":{"line":104,"column":3},"end":{"line":108,"column":4}},"53":{"start":{"line":105,"column":4},"end":{"line":105,"column":55}},"54":{"start":{"line":107,"column":4},"end":{"line":107,"column":27}}},"branchMap":{"1":{"line":8,"type":"binary-expr","locations":[{"start":{"line":8,"column":7},"end":{"line":8,"column":10}},{"start":{"line":8,"column":14},"end":{"line":8,"column":27}}]},"2":{"line":9,"type":"binary-expr","locations":[{"start":{"line":9,"column":11},"end":{"line":9,"column":28}},{"start":{"line":9,"column":32},"end":{"line":9,"column":37}}]},"3":{"line":10,"type":"if","locations":[{"start":{"line":10,"column":1},"end":{"line":10,"column":1}},{"start":{"line":10,"column":1},"end":{"line":10,"column":1}}]},"4":{"line":10,"type":"binary-expr","locations":[{"start":{"line":10,"column":5},"end":{"line":10,"column":28}},{"start":{"line":10,"column":32},"end":{"line":10,"column":62}},{"start":{"line":10,"column":67},"end":{"line":10,"column":80}},{"start":{"line":10,"column":84},"end":{"line":10,"column":88}}]},"5":{"line":24,"type":"if","locations":[{"start":{"line":24,"column":2},"end":{"line":24,"column":2}},{"start":{"line":24,"column":2},"end":{"line":24,"column":2}}]},"6":{"line":24,"type":"binary-expr","locations":[{"start":{"line":24,"column":6},"end":{"line":24,"column":9}},{"start":{"line":24,"column":13},"end":{"line":24,"column":39}}]},"7":{"line":31,"type":"if","locations":[{"start":{"line":31,"column":1},"end":{"line":31,"column":1}},{"start":{"line":31,"column":1},"end":{"line":31,"column":1}}]},"8":{"line":34,"type":"binary-expr","locations":[{"start":{"line":34,"column":50},"end":{"line":34,"column":57}},{"start":{"line":34,"column":61},"end":{"line":34,"column":62}}]},"9":{"line":39,"type":"if","locations":[{"start":{"line":39,"column":3},"end":{"line":39,"column":3}},{"start":{"line":39,"column":3},"end":{"line":39,"column":3}}]},"10":{"line":66,"type":"if","locations":[{"start":{"line":66,"column":3},"end":{"line":66,"column":3}},{"start":{"line":66,"column":3},"end":{"line":66,"column":3}}]},"11":{"line":71,"type":"if","locations":[{"start":{"line":71,"column":2},"end":{"line":71,"column":2}},{"start":{"line":71,"column":2},"end":{"line":71,"column":2}}]},"12":{"line":83,"type":"if","locations":[{"start":{"line":83,"column":3},"end":{"line":83,"column":3}},{"start":{"line":83,"column":3},"end":{"line":83,"column":3}}]},"13":{"line":89,"type":"if","locations":[{"start":{"line":89,"column":3},"end":{"line":89,"column":3}},{"start":{"line":89,"column":3},"end":{"line":89,"column":3}}]},"14":{"line":96,"type":"if","locations":[{"start":{"line":96,"column":4},"end":{"line":96,"column":4}},{"start":{"line":96,"column":4},"end":{"line":96,"column":4}}]},"15":{"line":104,"type":"if","locations":[{"start":{"line":104,"column":3},"end":{"line":104,"column":3}},{"start":{"line":104,"column":3},"end":{"line":104,"column":3}}]}}}}