TN:
SF:C:\dev\node-cluster-service\lib\exit.js
FN:5,(anonymous_1)
FN:18,(anonymous_2)
FNF:2
FNH:2
FNDA:2,(anonymous_1)
FNDA:1,(anonymous_2)
DA:1,1
DA:5,1
DA:6,2
DA:7,1
DA:8,1
DA:11,1
DA:13,1
DA:15,1
DA:18,1
DA:19,1
LF:10
LH:10
BRDA:6,1,0,1
BRDA:6,1,1,1
BRF:2
BRH:2
end_of_record
TN:
SF:C:\dev\node-cluster-service\lib\health.js
FN:5,(anonymous_1)
FN:9,(anonymous_2)
FNF:2
FNH:2
FNDA:1,(anonymous_1)
FNDA:2,(anonymous_2)
DA:1,1
DA:5,1
DA:6,1
DA:9,1
DA:10,2
LF:5
LH:5
BRF:0
BRH:0
end_of_record
TN:
SF:C:\dev\node-cluster-service\lib\help.js
FN:5,(anonymous_1)
FN:15,(anonymous_2)
FN:35,(anonymous_3)
FNF:3
FNH:3
FNDA:2,(anonymous_1)
FNDA:1,(anonymous_2)
FNDA:1,(anonymous_3)
DA:1,1
DA:5,1
DA:6,2
DA:7,2
DA:8,2
DA:9,1
DA:10,1
DA:11,1
DA:12,0
DA:14,1
DA:15,1
DA:16,1
DA:18,1
DA:20,0
DA:24,1
DA:25,1
DA:26,1
DA:27,11
DA:28,11
DA:32,1
DA:35,1
DA:36,1
LF:22
LH:20
BRDA:8,1,0,1
BRDA:8,1,1,1
BRDA:11,2,0,0
BRDA:11,2,1,1
BRDA:14,3,0,1
BRDA:14,3,1,0
BRF:6
BRH:4
end_of_record
TN:
SF:C:\dev\node-cluster-service\cluster-service.js
FN:31,(anonymous_1)
FN:36,(anonymous_2)
FN:49,(anonymous_3)
FN:55,(anonymous_4)
FN:73,(anonymous_5)
FN:94,(anonymous_6)
FN:115,(anonymous_7)
FN:137,(anonymous_8)
FN:151,(anonymous_9)
FN:156,(anonymous_10)
FN:174,startMaster
FN:187,(anonymous_12)
FN:204,(anonymous_13)
FN:207,(anonymous_14)
FN:212,(anonymous_15)
FN:216,(anonymous_16)
FN:230,(anonymous_17)
FN:234,(anonymous_18)
FN:238,(anonymous_19)
FN:263,(anonymous_20)
FN:277,onMessageFromWorker
FN:294,onMessageFromMaster
FN:310,startWorker
FN:316,startListener
FN:317,(anonymous_25)
FNF:25
FNH:18
FNDA:3,(anonymous_1)
FNDA:3,(anonymous_2)
FNDA:4,(anonymous_3)
FNDA:1,(anonymous_4)
FNDA:11,(anonymous_5)
FNDA:19,(anonymous_6)
FNDA:0,(anonymous_7)
FNDA:27,(anonymous_8)
FNDA:0,(anonymous_9)
FNDA:6,(anonymous_10)
FNDA:4,startMaster
FNDA:0,(anonymous_12)
FNDA:6,(anonymous_13)
FNDA:6,(anonymous_14)
FNDA:1,(anonymous_15)
FNDA:1,(anonymous_16)
FNDA:6,(anonymous_17)
FNDA:6,(anonymous_18)
FNDA:0,(anonymous_19)
FNDA:0,(anonymous_20)
FNDA:6,onMessageFromWorker
FNDA:0,onMessageFromMaster
FNDA:0,startWorker
FNDA:1,startListener
FNDA:1,(anonymous_25)
DA:1,1
DA:31,1
DA:32,3
DA:34,3
DA:35,3
DA:36,3
DA:37,3
DA:38,3
DA:39,3
DA:44,0
DA:49,1
DA:50,4
DA:51,0
DA:54,4
DA:55,1
DA:56,1
DA:57,1
DA:58,0
DA:60,1
DA:64,3
DA:65,3
DA:66,0
DA:68,3
DA:73,1
DA:74,11
DA:75,0
DA:78,11
DA:79,11
DA:80,0
DA:83,11
DA:91,11
DA:94,1
DA:95,19
DA:96,0
DA:99,19
DA:100,19
DA:101,0
DA:104,19
DA:105,19
DA:106,19
DA:107,26
DA:112,19
DA:115,1
DA:116,0
DA:117,0
DA:120,0
DA:121,0
DA:124,0
DA:126,0
DA:128,0
DA:130,0
DA:133,0
DA:136,1
DA:138,27
DA:139,27
DA:140,27
DA:141,22
DA:142,22
DA:143,22
DA:146,27
DA:150,1
DA:152,0
DA:156,1
DA:157,6
DA:158,0
DA:159,0
DA:161,6
DA:162,6
DA:164,4
DA:167,6
DA:168,6
DA:169,6
DA:171,6
DA:174,1
DA:175,4
DA:176,4
DA:178,4
DA:180,4
DA:181,1
DA:182,0
DA:185,1
DA:187,1
DA:195,1
DA:196,1
DA:197,1
DA:198,1
DA:199,1
DA:200,1
DA:201,1
DA:202,1
DA:203,1
DA:204,1
DA:205,6
DA:207,1
DA:208,6
DA:212,1
DA:213,1
DA:216,1
DA:217,1
DA:218,0
DA:221,0
DA:223,1
DA:226,1
DA:230,1
DA:231,6
DA:234,1
DA:235,6
DA:237,6
DA:238,0
DA:240,0
DA:245,1
DA:247,0
DA:248,0
DA:252,1
DA:255,1
DA:256,1
DA:258,1
DA:261,1
DA:262,3
DA:263,0
DA:264,0
DA:266,0
DA:267,3
DA:269,1
DA:270,1
DA:274,3
DA:277,1
DA:278,6
DA:279,6
DA:280,0
DA:283,6
DA:285,6
DA:286,6
DA:287,6
DA:288,6
DA:290,6
DA:294,1
DA:295,0
DA:297,0
DA:298,0
DA:301,0
DA:303,0
DA:304,0
DA:306,0
DA:310,1
DA:311,0
DA:313,0
DA:316,1
DA:317,1
DA:318,1
DA:319,1
DA:322,1
LF:152
LH:112
BRDA:34,1,0,3
BRDA:34,1,1,0
BRDA:37,2,0,3
BRDA:37,2,1,0
BRDA:39,3,0,3
BRDA:39,3,1,3
BRDA:50,4,0,0
BRDA:50,4,1,4
BRDA:54,5,0,1
BRDA:54,5,1,3
BRDA:57,6,0,0
BRDA:57,6,1,1
BRDA:60,7,0,1
BRDA:60,7,1,1
BRDA:65,8,0,0
BRDA:65,8,1,3
BRDA:68,9,0,3
BRDA:68,9,1,3
BRDA:74,10,0,0
BRDA:74,10,1,11
BRDA:78,11,0,11
BRDA:78,11,1,11
BRDA:79,12,0,0
BRDA:79,12,1,11
BRDA:79,13,0,11
BRDA:79,13,1,0
BRDA:95,14,0,0
BRDA:95,14,1,19
BRDA:100,15,0,0
BRDA:100,15,1,19
BRDA:105,16,0,19
BRDA:105,16,1,0
BRDA:116,17,0,0
BRDA:116,17,1,0
BRDA:120,18,0,0
BRDA:120,18,1,0
BRDA:126,19,0,0
BRDA:126,19,1,0
BRDA:157,20,0,0
BRDA:157,20,1,6
BRDA:161,21,0,6
BRDA:161,21,1,0
BRDA:162,22,0,4
BRDA:162,22,1,2
BRDA:162,23,0,6
BRDA:162,23,1,2
BRDA:162,23,2,2
BRDA:167,24,0,6
BRDA:167,24,1,3
BRDA:168,25,0,6
BRDA:168,25,1,0
BRDA:175,26,0,4
BRDA:175,26,1,0
BRDA:176,27,0,4
BRDA:176,27,1,0
BRDA:180,28,0,1
BRDA:180,28,1,3
BRDA:181,29,0,0
BRDA:181,29,1,1
BRDA:205,30,0,6
BRDA:205,30,1,6
BRDA:208,31,0,6
BRDA:208,31,1,6
BRDA:217,32,0,0
BRDA:217,32,1,1
BRDA:237,33,0,0
BRDA:237,33,1,6
BRDA:237,34,0,6
BRDA:237,34,1,0
BRDA:245,35,0,0
BRDA:245,35,1,1
BRDA:262,36,0,0
BRDA:262,36,1,3
BRDA:267,37,0,1
BRDA:267,37,1,2
BRDA:267,38,0,3
BRDA:267,38,1,3
BRDA:274,39,0,3
BRDA:274,39,1,3
BRDA:279,40,0,0
BRDA:279,40,1,6
BRDA:279,41,0,6
BRDA:279,41,1,6
BRDA:279,41,2,6
BRDA:283,42,0,6
BRDA:285,43,0,6
BRDA:285,43,1,0
BRDA:288,44,0,6
BRDA:288,44,1,5
BRDA:297,45,0,0
BRDA:297,45,1,0
BRDA:297,46,0,0
BRDA:297,46,1,0
BRDA:297,46,2,0
BRDA:301,47,0,0
BRDA:303,48,0,0
BRDA:303,48,1,0
BRDA:313,49,0,0
BRDA:313,49,1,0
BRDA:318,50,0,1
BRDA:318,50,1,0
BRF:101
BRH:60
end_of_record
TN:
SF:C:\dev\node-cluster-service\lib\http-server.js
FN:11,(anonymous_1)
FN:22,(anonymous_2)
FN:29,processRequest
FN:61,onCommand
FN:63,(anonymous_5)
FN:80,onCallback
FNF:6
FNH:2
FNDA:1,(anonymous_1)
FNDA:4,(anonymous_2)
FNDA:0,processRequest
FNDA:0,onCommand
FNDA:0,(anonymous_5)
FNDA:0,onCallback
DA:1,1
DA:11,1
DA:12,1
DA:13,1
DA:15,1
DA:17,1
DA:19,1
DA:22,1
DA:23,4
DA:24,4
DA:29,1
DA:30,0
DA:31,0
DA:33,0
DA:34,0
DA:35,0
DA:36,0
DA:39,0
DA:40,0
DA:41,0
DA:42,0
DA:45,0
DA:47,0
DA:48,0
DA:49,0
DA:50,0
DA:51,0
DA:53,0
DA:55,0
DA:57,0
DA:61,1
DA:62,0
DA:63,0
DA:65,0
DA:66,0
DA:67,0
DA:68,0
DA:69,0
DA:72,0
DA:73,0
DA:75,0
DA:76,0
DA:80,1
DA:81,0
DA:82,0
DA:84,0
DA:85,0
DA:86,0
DA:88,0
DA:89,0
DA:90,0
DA:91,0
DA:93,0
DA:94,0
DA:98,0
LF:55
LH:13
BRDA:33,1,0,0
BRDA:33,1,1,0
BRDA:39,2,0,0
BRDA:39,2,1,0
BRDA:39,3,0,0
BRDA:39,3,1,0
BRDA:48,4,0,0
BRDA:48,4,1,0
BRDA:48,5,0,0
BRDA:48,5,1,0
BRDA:53,6,0,0
BRDA:53,6,1,0
BRDA:57,7,0,0
BRDA:57,7,1,0
BRDA:65,8,0,0
BRDA:65,8,1,0
BRDA:76,9,0,0
BRDA:76,9,1,0
BRDA:84,10,0,0
BRDA:84,10,1,0
BRDA:88,11,0,0
BRDA:88,11,1,0
BRDA:98,12,0,0
BRDA:98,12,1,0
BRF:24
BRH:0
end_of_record
TN:
SF:C:\dev\node-cluster-service\lib\workers.js
FN:1,(anonymous_1)
FN:7,(anonymous_2)
FNF:2
FNH:2
FNDA:1,(anonymous_1)
FNDA:1,(anonymous_2)
DA:1,1
DA:2,1
DA:3,1
DA:4,1
DA:7,1
DA:8,1
LF:6
LH:6
BRF:0
BRH:0
end_of_record
TN:
SF:C:\dev\node-cluster-service\lib\start.js
FN:6,(anonymous_1)
FN:26,(anonymous_2)
FN:35,(anonymous_3)
FN:46,getTask
FN:47,(anonymous_5)
FN:52,(anonymous_6)
FN:59,(anonymous_7)
FN:67,(anonymous_8)
FNF:8
FNH:5
FNDA:1,(anonymous_1)
FNDA:1,(anonymous_2)
FNDA:0,(anonymous_3)
FNDA:1,getTask
FNDA:1,(anonymous_5)
FNDA:0,(anonymous_6)
FNDA:0,(anonymous_7)
FNDA:1,(anonymous_8)
DA:1,1
DA:6,1
DA:7,1
DA:8,1
DA:9,1
DA:10,1
DA:11,0
DA:12,0
DA:15,1
DA:16,1
DA:18,1
DA:20,1
DA:22,1
DA:23,1
DA:26,1
DA:27,1
DA:28,0
DA:30,1
DA:35,1
DA:36,0
DA:46,1
DA:47,1
DA:50,1
DA:52,1
DA:53,0
DA:54,0
DA:58,1
DA:59,1
DA:60,0
DA:61,0
DA:62,0
DA:67,1
DA:68,1
DA:69,1
DA:70,1
DA:73,1
LF:36
LH:27
BRDA:7,1,0,1
BRDA:7,1,1,1
BRDA:8,2,0,1
BRDA:8,2,1,1
BRDA:9,3,0,1
BRDA:9,3,1,1
BRDA:10,4,0,0
BRDA:10,4,1,1
BRDA:10,5,0,1
BRDA:10,5,1,1
BRDA:20,6,0,1
BRDA:20,6,1,0
BRDA:27,7,0,0
BRDA:27,7,1,1
BRDA:53,8,0,0
BRDA:53,8,1,0
BRDA:58,9,0,1
BRDA:58,9,1,0
BRDA:69,10,0,1
BRDA:69,10,1,0
BRF:20
BRH:13
end_of_record
TN:
SF:C:\dev\node-cluster-service\lib\restart.js
FN:6,(anonymous_1)
FN:35,(anonymous_2)
FN:47,(anonymous_3)
FN:56,getTask
FN:57,(anonymous_5)
FN:63,(anonymous_6)
FN:70,(anonymous_7)
FN:88,(anonymous_8)
FN:98,(anonymous_9)
FN:103,(anonymous_10)
FNF:10
FNH:6
FNDA:1,(anonymous_1)
FNDA:1,(anonymous_2)
FNDA:0,(anonymous_3)
FNDA:2,getTask
FNDA:2,(anonymous_5)
FNDA:0,(anonymous_6)
FNDA:0,(anonymous_7)
FNDA:2,(anonymous_8)
FNDA:0,(anonymous_9)
FNDA:2,(anonymous_10)
DA:1,1
DA:6,1
DA:7,1
DA:8,1
DA:9,1
DA:10,0
DA:11,0
DA:14,1
DA:15,1
DA:16,1
DA:18,1
DA:19,1
DA:21,1
DA:22,2
DA:23,2
DA:24,0
DA:27,2
DA:30,1
DA:31,0
DA:33,1
DA:35,1
DA:36,1
DA:38,1
DA:39,0
DA:41,1
DA:47,1
DA:48,0
DA:56,1
DA:57,2
DA:60,2
DA:61,2
DA:63,2
DA:64,0
DA:65,0
DA:69,2
DA:70,2
DA:71,0
DA:72,0
DA:73,0
DA:74,0
DA:75,0
DA:77,0
DA:81,2
DA:82,0
DA:83,0
DA:84,0
DA:88,2
DA:89,2
DA:90,2
DA:91,2
DA:92,2
DA:96,2
DA:97,2
DA:98,2
DA:99,0
DA:103,2
DA:104,2
DA:105,2
DA:109,2
DA:112,2
DA:113,0
DA:115,2
LF:62
LH:43
BRDA:8,1,0,1
BRDA:8,1,1,1
BRDA:9,2,0,0
BRDA:9,2,1,1
BRDA:9,3,0,1
BRDA:9,3,1,1
BRDA:9,3,2,0
BRDA:23,4,0,0
BRDA:23,4,1,2
BRDA:23,5,0,2
BRDA:23,5,1,0
BRDA:27,6,0,0
BRDA:27,6,1,2
BRDA:30,7,0,0
BRDA:30,7,1,1
BRDA:38,8,0,0
BRDA:38,8,1,1
BRDA:64,9,0,0
BRDA:64,9,1,0
BRDA:69,10,0,2
BRDA:69,10,1,0
BRDA:73,11,0,0
BRDA:73,11,1,0
BRDA:81,12,0,0
BRDA:81,12,1,2
BRDA:81,13,0,2
BRDA:81,13,1,0
BRDA:91,14,0,2
BRDA:91,14,1,0
BRDA:97,15,0,2
BRDA:97,15,1,0
BRDA:104,16,0,2
BRDA:104,16,1,0
BRDA:112,17,0,0
BRDA:112,17,1,2
BRF:35
BRH:17
end_of_record
TN:
SF:C:\dev\node-cluster-service\lib\shutdown.js
FN:5,(anonymous_1)
FN:28,(anonymous_2)
FN:61,(anonymous_3)
FN:70,getKiller
FN:71,(anonymous_5)
FN:76,getExitHandler
FN:77,(anonymous_7)
FNF:7
FNH:5
FNDA:1,(anonymous_1)
FNDA:2,(anonymous_2)
FNDA:0,(anonymous_3)
FNDA:2,getKiller
FNDA:0,(anonymous_5)
FNDA:2,getExitHandler
FNDA:2,(anonymous_7)
DA:1,1
DA:5,1
DA:6,1
DA:7,1
DA:8,1
DA:9,0
DA:10,0
DA:13,1
DA:15,1
DA:17,1
DA:18,1
DA:19,1
DA:20,2
DA:21,2
DA:22,0
DA:25,2
DA:26,2
DA:28,2
DA:29,2
DA:30,2
DA:32,1
DA:33,1
DA:34,1
DA:35,1
DA:37,0
DA:41,2
DA:42,0
DA:44,2
DA:48,1
DA:49,0
DA:50,0
DA:51,0
DA:52,0
DA:54,0
DA:57,1
DA:61,1
DA:62,0
DA:70,1
DA:71,2
DA:72,0
DA:76,1
DA:77,2
DA:78,2
DA:79,2
DA:80,2
DA:83,2
LF:46
LH:34
BRDA:7,1,0,1
BRDA:7,1,1,0
BRDA:8,2,0,0
BRDA:8,2,1,1
BRDA:8,3,0,1
BRDA:8,3,1,1
BRDA:8,3,2,0
BRDA:21,4,0,0
BRDA:21,4,1,2
BRDA:21,5,0,2
BRDA:21,5,1,0
BRDA:28,6,0,2
BRDA:28,6,1,0
BRDA:30,7,0,1
BRDA:30,7,1,1
BRDA:32,8,0,1
BRDA:32,8,1,0
BRDA:41,9,0,0
BRDA:41,9,1,2
BRDA:48,10,0,0
BRDA:48,10,1,1
BRDA:49,11,0,0
BRDA:49,11,1,0
BRDA:57,12,0,1
BRDA:57,12,1,0
BRDA:78,13,0,2
BRDA:78,13,1,0
BRF:27
BRH:14
end_of_record
TN:
SF:C:\dev\node-cluster-service\lib\test.js
FN:2,(anonymous_1)
FN:6,(anonymous_2)
FNF:2
FNH:0
FNDA:0,(anonymous_1)
FNDA:0,(anonymous_2)
DA:2,1
DA:3,0
DA:6,1
DA:7,0
LF:4
LH:2
BRF:0
BRH:0
end_of_record
TN:
SF:C:\dev\node-cluster-service\lib\upgrade.js
FN:6,(anonymous_1)
FN:36,(anonymous_2)
FN:48,(anonymous_3)
FN:59,getTask
FN:60,(anonymous_5)
FN:65,(anonymous_6)
FN:72,(anonymous_7)
FN:80,(anonymous_8)
FN:90,(anonymous_9)
FN:95,(anonymous_10)
FNF:10
FNH:6
FNDA:1,(anonymous_1)
FNDA:1,(anonymous_2)
FNDA:0,(anonymous_3)
FNDA:2,getTask
FNDA:2,(anonymous_5)
FNDA:0,(anonymous_6)
FNDA:0,(anonymous_7)
FNDA:2,(anonymous_8)
FNDA:0,(anonymous_9)
FNDA:2,(anonymous_10)
DA:1,1
DA:6,1
DA:7,1
DA:8,1
DA:9,1
DA:10,1
DA:11,0
DA:12,0
DA:15,1
DA:16,1
DA:17,1
DA:19,1
DA:20,1
DA:22,1
DA:23,2
DA:24,2
DA:25,0
DA:28,2
DA:31,1
DA:32,0
DA:34,1
DA:36,1
DA:37,1
DA:39,1
DA:40,0
DA:42,1
DA:48,1
DA:49,0
DA:59,1
DA:60,2
DA:63,2
DA:65,2
DA:66,0
DA:67,0
DA:71,2
DA:72,2
DA:73,0
DA:74,0
DA:75,0
DA:80,2
DA:82,2
DA:83,2
DA:84,2
DA:88,2
DA:89,2
DA:90,2
DA:91,0
DA:95,2
DA:96,2
DA:97,2
DA:101,2
DA:104,2
DA:105,0
DA:107,2
LF:54
LH:41
BRDA:8,1,0,1
BRDA:8,1,1,1
BRDA:9,2,0,1
BRDA:9,2,1,1
BRDA:10,3,0,0
BRDA:10,3,1,1
BRDA:10,4,0,1
BRDA:10,4,1,1
BRDA:10,4,2,1
BRDA:10,4,3,0
BRDA:24,5,0,0
BRDA:24,5,1,2
BRDA:24,6,0,2
BRDA:24,6,1,0
BRDA:31,7,0,0
BRDA:31,7,1,1
BRDA:34,8,0,1
BRDA:34,8,1,0
BRDA:39,9,0,0
BRDA:39,9,1,1
BRDA:66,10,0,0
BRDA:66,10,1,0
BRDA:71,11,0,2
BRDA:71,11,1,0
BRDA:83,12,0,2
BRDA:83,12,1,0
BRDA:89,13,0,2
BRDA:89,13,1,0
BRDA:96,14,0,2
BRDA:96,14,1,0
BRDA:104,15,0,0
BRDA:104,15,1,2
BRF:32
BRH:18
end_of_record
